#
# There is insufficient memory for the Java Runtime Environment to continue.
# Native memory allocation (malloc) failed to allocate 1161776 bytes for Chunk::new
# Possible reasons:
#   The system is out of physical RAM or swap space
#   The process is running with CompressedOops enabled, and the Java Heap may be blocking the growth of the native heap
# Possible solutions:
#   Reduce memory load on the system
#   Increase physical memory or swap space
#   Check if swap backing store is full
#   Decrease Java heap size (-Xmx/-Xms)
#   Decrease number of Java threads
#   Decrease Java thread stack sizes (-Xss)
#   Set larger code cache with -XX:ReservedCodeCacheSize=
#   JVM is running with Unscaled Compressed Oops mode in which the Java heap is
#     placed in the first 4GB address space. The Java Heap base address is the
#     maximum limit for the native heap growth. Please use -XX:HeapBaseMinAddress
#     to set the Java Heap base and to place the Java Heap above 4GB virtual address.
# This output file may be truncated or incomplete.
#
#  Out of Memory Error (./src/hotspot/share/memory/arena.cpp:197), pid=1356, tid=14692
#
# JRE version: OpenJDK Runtime Environment (11.0.10) (build 11.0.10+0-b96-7249189)
# Java VM: OpenJDK 64-Bit Server VM (11.0.10+0-b96-7249189, mixed mode, tiered, compressed oops, g1 gc, windows-amd64)
# No core dump will be written. Minidumps are not enabled by default on client versions of Windows
#

---------------  S U M M A R Y ------------

Command Line: --add-opens=java.base/java.util=ALL-UNNAMED --add-opens=java.base/java.lang=ALL-UNNAMED --add-opens=java.base/java.lang.invoke=ALL-UNNAMED --add-opens=java.base/java.util=ALL-UNNAMED --add-opens=java.prefs/java.util.prefs=ALL-UNNAMED --add-opens=java.prefs/java.util.prefs=ALL-UNNAMED --add-opens=java.base/java.nio.charset=ALL-UNNAMED --add-opens=java.base/java.net=ALL-UNNAMED --add-opens=java.base/java.util.concurrent.atomic=ALL-UNNAMED -Xmx2048m -Dfile.encoding=UTF-8 -Duser.country=GB -Duser.language=en -Duser.variant org.gradle.launcher.daemon.bootstrap.GradleDaemon 7.0.2

Host: Intel(R) Core(TM) i5-2410M CPU @ 2.30GHz, 4 cores, 9G,  Windows 10 , 64 bit Build 19041 (10.0.19041.1348)
Time: Mon Jan 10 22:42:46 2022 SE Asia Standard Time elapsed time: 3550.876211 seconds (0d 0h 59m 10s)

---------------  T H R E A D  ---------------

Current thread (0x000001bfc0641000):  JavaThread "C2 CompilerThread0" daemon [_thread_in_native, id=14692, stack(0x00000016b6e00000,0x00000016b6f00000)]


Current CompileTask:
C2:3550876 29186       4       org.gradle.internal.classloader.ConfigurableClassLoaderHierarchyHasher$Visitor::visit (14 bytes)

Stack: [0x00000016b6e00000,0x00000016b6f00000]
Native frames: (J=compiled Java code, j=interpreted, Vv=VM code, C=native code)
V  [jvm.dll+0x5ecfaa]
V  [jvm.dll+0x722bd5]
V  [jvm.dll+0x72412d]
V  [jvm.dll+0x7247e3]
V  [jvm.dll+0x242928]
V  [jvm.dll+0xbc4fc]
V  [jvm.dll+0xbca0c]
V  [jvm.dll+0x352d7d]
V  [jvm.dll+0x320ad3]
V  [jvm.dll+0x31ffca]
V  [jvm.dll+0x1fb602]
V  [jvm.dll+0x1fa7f4]
V  [jvm.dll+0x18354c]
V  [jvm.dll+0x208ee7]
V  [jvm.dll+0x207731]
V  [jvm.dll+0x6eb1cf]
V  [jvm.dll+0x6e3d45]
V  [jvm.dll+0x5ebe96]
C  [ucrtbase.dll+0x21bb2]
C  [KERNEL32.DLL+0x17034]
C  [ntdll.dll+0x52651]


---------------  P R O C E S S  ---------------

Threads class SMR info:
_java_thread_list=0x000001bfcceedd00, length=41, elements={
0x000001bfa60d4000, 0x000001bfbfcc3800, 0x000001bfbfcc5800, 0x000001bfc0635800,
0x000001bfc0637000, 0x000001bfc063b800, 0x000001bfc0641000, 0x000001bfbfce6800,
0x000001bfbfced800, 0x000001bfc07a3800, 0x000001bfc17df800, 0x000001bfc1f0f000,
0x000001bfc072a800, 0x000001bfbfce9800, 0x000001bfbfce4000, 0x000001bfbfcea800,
0x000001bfbfce5800, 0x000001bfbfce9000, 0x000001bfc343e000, 0x000001bfc3444800,
0x000001bfc343f000, 0x000001bfc343f800, 0x000001bfc50f5800, 0x000001bfc50f1800,
0x000001bfc50fa800, 0x000001bfc50f8800, 0x000001bfc4a77800, 0x000001bfc9dfd800,
0x000001bfc9df5800, 0x000001bfc9df7000, 0x000001bfc4a83000, 0x000001bfc4a79000,
0x000001bfc4a76800, 0x000001bfc4a78000, 0x000001bfc4a76000, 0x000001bfc4a7f000,
0x000001bfc4a80800, 0x000001bfc4a7a800, 0x000001bfc4a82000, 0x000001bfc4a81000,
0x000001bfc4a83800
}

Java Threads: ( => current thread )
  0x000001bfa60d4000 JavaThread "main" [_thread_blocked, id=14932, stack(0x00000016b6200000,0x00000016b6300000)]
  0x000001bfbfcc3800 JavaThread "Reference Handler" daemon [_thread_blocked, id=14696, stack(0x00000016b6900000,0x00000016b6a00000)]
  0x000001bfbfcc5800 JavaThread "Finalizer" daemon [_thread_blocked, id=15424, stack(0x00000016b6a00000,0x00000016b6b00000)]
  0x000001bfc0635800 JavaThread "Signal Dispatcher" daemon [_thread_blocked, id=14900, stack(0x00000016b6b00000,0x00000016b6c00000)]
  0x000001bfc0637000 JavaThread "Attach Listener" daemon [_thread_blocked, id=15340, stack(0x00000016b6c00000,0x00000016b6d00000)]
  0x000001bfc063b800 JavaThread "Service Thread" daemon [_thread_blocked, id=9484, stack(0x00000016b6d00000,0x00000016b6e00000)]
=>0x000001bfc0641000 JavaThread "C2 CompilerThread0" daemon [_thread_in_native, id=14692, stack(0x00000016b6e00000,0x00000016b6f00000)]
  0x000001bfbfce6800 JavaThread "C1 CompilerThread0" daemon [_thread_blocked, id=14668, stack(0x00000016b6f00000,0x00000016b7000000)]
  0x000001bfbfced800 JavaThread "Sweeper thread" daemon [_thread_blocked, id=12348, stack(0x00000016b7000000,0x00000016b7100000)]
  0x000001bfc07a3800 JavaThread "Common-Cleaner" daemon [_thread_blocked, id=14868, stack(0x00000016b7100000,0x00000016b7200000)]
  0x000001bfc17df800 JavaThread "Daemon health stats" [_thread_blocked, id=1800, stack(0x00000016b7600000,0x00000016b7700000)]
  0x000001bfc1f0f000 JavaThread "Incoming local TCP Connector on port 50152" [_thread_in_native, id=15492, stack(0x00000016b7500000,0x00000016b7600000)]
  0x000001bfc072a800 JavaThread "Daemon periodic checks" [_thread_blocked, id=11740, stack(0x00000016b7700000,0x00000016b7800000)]
  0x000001bfbfce9800 JavaThread "Cache worker for file hash cache (C:\Users\Eddo Yulianda\.gradle\caches\7.0.2\fileHashes)" [_thread_blocked, id=2756, stack(0x00000016b8000000,0x00000016b8100000)]
  0x000001bfbfce4000 JavaThread "File lock request listener" [_thread_in_native, id=9028, stack(0x00000016b8100000,0x00000016b8200000)]
  0x000001bfbfcea800 JavaThread "Cache worker for journal cache (C:\Users\Eddo Yulianda\.gradle\caches\journal-1)" [_thread_blocked, id=12904, stack(0x00000016b8200000,0x00000016b8300000)]
  0x000001bfbfce5800 JavaThread "File watcher server" daemon [_thread_in_native, id=11980, stack(0x00000016b8500000,0x00000016b8600000)]
  0x000001bfbfce9000 JavaThread "File watcher consumer" daemon [_thread_blocked, id=2568, stack(0x00000016b8600000,0x00000016b8700000)]
  0x000001bfc343e000 JavaThread "Cache worker for execution history cache (C:\Users\Eddo Yulianda\.gradle\caches\7.0.2\executionHistory)" [_thread_blocked, id=14564, stack(0x00000016b8a00000,0x00000016b8b00000)]
  0x000001bfc3444800 JavaThread "jar transforms" [_thread_blocked, id=11476, stack(0x00000016b8b00000,0x00000016b8c00000)]
  0x000001bfc343f000 JavaThread "jar transforms Thread 2" [_thread_blocked, id=14160, stack(0x00000016b8c00000,0x00000016b8d00000)]
  0x000001bfc343f800 JavaThread "Cache worker for file content cache (C:\Users\Eddo Yulianda\.gradle\caches\7.0.2\fileContent)" [_thread_blocked, id=14004, stack(0x00000016b8d00000,0x00000016b8e00000)]
  0x000001bfc50f5800 JavaThread "jar transforms Thread 3" [_thread_blocked, id=13768, stack(0x00000016b8f00000,0x00000016b9000000)]
  0x000001bfc50f1800 JavaThread "jar transforms Thread 4" [_thread_blocked, id=3560, stack(0x00000016b9500000,0x00000016b9600000)]
  0x000001bfc50fa800 JavaThread "Memory manager" [_thread_blocked, id=1276, stack(0x00000016b9600000,0x00000016b9700000)]
  0x000001bfc50f8800 JavaThread "Cache worker for Java compile cache (C:\Users\Eddo Yulianda\.gradle\caches\7.0.2\javaCompile)" [_thread_blocked, id=6676, stack(0x00000016b9c00000,0x00000016b9d00000)]
  0x000001bfc4a77800 JavaThread "ForkJoinPool.commonPool-worker-7" daemon [_thread_blocked, id=11064, stack(0x00000016ba400000,0x00000016ba500000)]
  0x000001bfc9dfd800 JavaThread "ForkJoinPool.commonPool-worker-1" daemon [_thread_blocked, id=504, stack(0x00000016ba300000,0x00000016ba400000)]
  0x000001bfc9df5800 JavaThread "Daemon Thread 8" [_thread_blocked, id=9096, stack(0x00000016b6000000,0x00000016b6100000)]
  0x000001bfc9df7000 JavaThread "Daemon worker Thread 8" [_thread_blocked, id=11084, stack(0x00000016b7b00000,0x00000016b7c00000)]
  0x000001bfc4a83000 JavaThread "ForkJoinPool.commonPool-worker-5" daemon [_thread_blocked, id=15476, stack(0x00000016b9f00000,0x00000016ba000000)]
  0x000001bfc4a79000 JavaThread "Handler for socket connection from /127.0.0.1:50152 to /127.0.0.1:60443" [_thread_in_native, id=5236, stack(0x00000016b7900000,0x00000016b7a00000)]
  0x000001bfc4a76800 JavaThread "Cancel handler" [_thread_blocked, id=6836, stack(0x00000016b7a00000,0x00000016b7b00000)]
  0x000001bfc4a78000 JavaThread "Asynchronous log dispatcher for DefaultDaemonConnection: socket connection from /127.0.0.1:50152 to /127.0.0.1:60443" [_thread_blocked, id=14060, stack(0x00000016b7c00000,0x00000016b7d00000)]
  0x000001bfc4a76000 JavaThread "Stdin handler" [_thread_blocked, id=13460, stack(0x00000016b7d00000,0x00000016b7e00000)]
  0x000001bfc4a7f000 JavaThread "Daemon client event forwarder" [_thread_blocked, id=5336, stack(0x00000016b7e00000,0x00000016b7f00000)]
  0x000001bfc4a80800 JavaThread "Build operations" [_thread_in_Java, id=4076, stack(0x00000016b9000000,0x00000016b9100000)]
  0x000001bfc4a7a800 JavaThread "Build operations Thread 2" [_thread_blocked, id=13108, stack(0x00000016b9100000,0x00000016b9200000)]
  0x000001bfc4a82000 JavaThread "Build operations Thread 3" [_thread_blocked, id=9692, stack(0x00000016b9200000,0x00000016b9300000)]
  0x000001bfc4a81000 JavaThread "Build operations Thread 4" [_thread_blocked, id=4240, stack(0x00000016b9300000,0x00000016b9400000)]
  0x000001bfc4a83800 JavaThread "C2 CompilerThread1" daemon [_thread_blocked, id=3676, stack(0x00000016b9400000,0x00000016b9500000)]

Other Threads:
  0x000001bfbfcba000 VMThread "VM Thread" [stack: 0x00000016b6800000,0x00000016b6900000] [id=14904]
  0x000001bfc07bd800 WatcherThread [stack: 0x00000016b7200000,0x00000016b7300000] [id=15092]
  0x000001bfa60ec800 GCTaskThread "GC Thread#0" [stack: 0x00000016b6300000,0x00000016b6400000] [id=9536]
  0x000001bfc0f30800 GCTaskThread "GC Thread#1" [stack: 0x00000016b7300000,0x00000016b7400000] [id=1984]
  0x000001bfc0b12000 GCTaskThread "GC Thread#2" [stack: 0x00000016b7400000,0x00000016b7500000] [id=12816]
  0x000001bfc31b7000 GCTaskThread "GC Thread#3" [stack: 0x00000016b7f00000,0x00000016b8000000] [id=1076]
  0x000001bfa611e800 ConcurrentGCThread "G1 Main Marker" [stack: 0x00000016b6400000,0x00000016b6500000] [id=3412]
  0x000001bfa6120000 ConcurrentGCThread "G1 Conc#0" [stack: 0x00000016b6500000,0x00000016b6600000] [id=15328]
  0x000001bfbfb10800 ConcurrentGCThread "G1 Refine#0" [stack: 0x00000016b6600000,0x00000016b6700000] [id=12188]
  0x000001bfca324800 ConcurrentGCThread "G1 Refine#1" [stack: 0x00000016baa00000,0x00000016bab00000] [id=15852]
  0x000001bfc8adf800 ConcurrentGCThread "G1 Refine#2" [stack: 0x00000016bab00000,0x00000016bac00000] [id=15216]
  0x000001bfc9c1a000 ConcurrentGCThread "G1 Refine#3" [stack: 0x00000016b5f00000,0x00000016b6000000] [id=13084]
  0x000001bfbfb11800 ConcurrentGCThread "G1 Young RemSet Sampling" [stack: 0x00000016b6700000,0x00000016b6800000] [id=11184]

Threads with active compile tasks:
C2 CompilerThread03550956 29186       4       org.gradle.internal.classloader.ConfigurableClassLoaderHierarchyHasher$Visitor::visit (14 bytes)

VM state:not at safepoint (normal execution)

VM Mutex/Monitor currently owned by a thread: None

Heap address: 0x0000000080000000, size: 2048 MB, Compressed Oops mode: 32-bit
Narrow klass base: 0x0000000000000000, Narrow klass shift: 3
Compressed class space size: 1073741824 Address: 0x0000000100000000

Heap:
 garbage-first heap   total 400384K, used 229129K [0x0000000080000000, 0x0000000100000000)
  region size 1024K, 54 young (55296K), 1 survivors (1024K)
 Metaspace       used 123056K, capacity 126743K, committed 126924K, reserved 1159168K
  class space    used 15190K, capacity 16564K, committed 16588K, reserved 1048576K
Heap Regions: E=young(eden), S=young(survivor), O=old, HS=humongous(starts), HC=humongous(continues), CS=collection set, F=free, A=archive, TAMS=top-at-mark-start (previous, next)
|   0|0x0000000080000000, 0x0000000080100000, 0x0000000080100000|100%|HS|  |TAMS 0x0000000080100000, 0x0000000080000000| Complete 
|   1|0x0000000080100000, 0x0000000080200000, 0x0000000080200000|100%|HC|  |TAMS 0x0000000080200000, 0x0000000080100000| Complete 
|   2|0x0000000080200000, 0x0000000080300000, 0x0000000080300000|100%|HC|  |TAMS 0x0000000080300000, 0x0000000080200000| Complete 
|   3|0x0000000080300000, 0x0000000080400000, 0x0000000080400000|100%| O|  |TAMS 0x0000000080400000, 0x0000000080300000| Untracked 
|   4|0x0000000080400000, 0x0000000080500000, 0x0000000080500000|100%| O|  |TAMS 0x0000000080500000, 0x0000000080400000| Untracked 
|   5|0x0000000080500000, 0x0000000080600000, 0x0000000080600000|100%| O|  |TAMS 0x0000000080600000, 0x0000000080500000| Untracked 
|   6|0x0000000080600000, 0x0000000080700000, 0x0000000080700000|100%| O|  |TAMS 0x0000000080700000, 0x0000000080600000| Complete 
|   7|0x0000000080700000, 0x0000000080800000, 0x0000000080800000|100%| O|  |TAMS 0x0000000080800000, 0x0000000080700000| Untracked 
|   8|0x0000000080800000, 0x0000000080900000, 0x0000000080900000|100%| O|  |TAMS 0x0000000080900000, 0x0000000080800000| Untracked 
|   9|0x0000000080900000, 0x0000000080a00000, 0x0000000080a00000|100%| O|  |TAMS 0x0000000080a00000, 0x0000000080900000| Complete 
|  10|0x0000000080a00000, 0x0000000080b00000, 0x0000000080b00000|100%| O|  |TAMS 0x0000000080b00000, 0x0000000080a00000| Untracked 
|  11|0x0000000080b00000, 0x0000000080c00000, 0x0000000080c00000|100%| O|  |TAMS 0x0000000080c00000, 0x0000000080b00000| Untracked 
|  12|0x0000000080c00000, 0x0000000080c00000, 0x0000000080d00000|  0%| F|  |TAMS 0x0000000080c00000, 0x0000000080c00000| Untracked 
|  13|0x0000000080d00000, 0x0000000080e00000, 0x0000000080e00000|100%| O|  |TAMS 0x0000000080e00000, 0x0000000080d00000| Untracked 
|  14|0x0000000080e00000, 0x0000000080f00000, 0x0000000080f00000|100%| O|  |TAMS 0x0000000080f00000, 0x0000000080e00000| Untracked 
|  15|0x0000000080f00000, 0x0000000081000000, 0x0000000081000000|100%| O|  |TAMS 0x0000000081000000, 0x0000000080f00000| Complete 
|  16|0x0000000081000000, 0x0000000081100000, 0x0000000081100000|100%| O|  |TAMS 0x0000000081100000, 0x0000000081000000| Untracked 
|  17|0x0000000081100000, 0x0000000081200000, 0x0000000081200000|100%|HS|  |TAMS 0x0000000081200000, 0x0000000081100000| Complete 
|  18|0x0000000081200000, 0x0000000081300000, 0x0000000081300000|100%|HS|  |TAMS 0x0000000081300000, 0x0000000081200000| Complete 
|  19|0x0000000081300000, 0x0000000081400000, 0x0000000081400000|100%|HS|  |TAMS 0x0000000081400000, 0x0000000081300000| Complete 
|  20|0x0000000081400000, 0x0000000081500000, 0x0000000081500000|100%|HC|  |TAMS 0x0000000081500000, 0x0000000081400000| Complete 
|  21|0x0000000081500000, 0x0000000081600000, 0x0000000081600000|100%| O|  |TAMS 0x0000000081600000, 0x0000000081500000| Complete 
|  22|0x0000000081600000, 0x0000000081700000, 0x0000000081700000|100%| O|  |TAMS 0x0000000081700000, 0x0000000081600000| Complete 
|  23|0x0000000081700000, 0x0000000081800000, 0x0000000081800000|100%| O|  |TAMS 0x0000000081800000, 0x0000000081700000| Complete 
|  24|0x0000000081800000, 0x0000000081900000, 0x0000000081900000|100%| O|  |TAMS 0x0000000081900000, 0x0000000081800000| Complete 
|  25|0x0000000081900000, 0x0000000081a00000, 0x0000000081a00000|100%| O|  |TAMS 0x0000000081a00000, 0x0000000081900000| Untracked 
|  26|0x0000000081a00000, 0x0000000081b00000, 0x0000000081b00000|100%| O|  |TAMS 0x0000000081b00000, 0x0000000081a00000| Complete 
|  27|0x0000000081b00000, 0x0000000081c00000, 0x0000000081c00000|100%| O|  |TAMS 0x0000000081c00000, 0x0000000081b00000| Untracked 
|  28|0x0000000081c00000, 0x0000000081d00000, 0x0000000081d00000|100%| O|  |TAMS 0x0000000081d00000, 0x0000000081c00000| Untracked 
|  29|0x0000000081d00000, 0x0000000081e00000, 0x0000000081e00000|100%| O|  |TAMS 0x0000000081e00000, 0x0000000081d00000| Untracked 
|  30|0x0000000081e00000, 0x0000000081f00000, 0x0000000081f00000|100%| O|  |TAMS 0x0000000081f00000, 0x0000000081e00000| Untracked 
|  31|0x0000000081f00000, 0x0000000082000000, 0x0000000082000000|100%| O|  |TAMS 0x0000000082000000, 0x0000000081f00000| Untracked 
|  32|0x0000000082000000, 0x0000000082100000, 0x0000000082100000|100%| O|  |TAMS 0x0000000082100000, 0x0000000082000000| Untracked 
|  33|0x0000000082100000, 0x0000000082200000, 0x0000000082200000|100%| O|  |TAMS 0x0000000082200000, 0x0000000082100000| Complete 
|  34|0x0000000082200000, 0x0000000082300000, 0x0000000082300000|100%| O|  |TAMS 0x0000000082300000, 0x0000000082200000| Complete 
|  35|0x0000000082300000, 0x0000000082400000, 0x0000000082400000|100%| O|  |TAMS 0x0000000082400000, 0x0000000082300000| Complete 
|  36|0x0000000082400000, 0x0000000082500000, 0x0000000082500000|100%| O|  |TAMS 0x0000000082500000, 0x0000000082400000| Complete 
|  37|0x0000000082500000, 0x0000000082600000, 0x0000000082600000|100%| O|  |TAMS 0x0000000082600000, 0x0000000082500000| Complete 
|  38|0x0000000082600000, 0x0000000082700000, 0x0000000082700000|100%| O|  |TAMS 0x0000000082700000, 0x0000000082600000| Complete 
|  39|0x0000000082700000, 0x0000000082800000, 0x0000000082800000|100%| O|  |TAMS 0x0000000082800000, 0x0000000082700000| Untracked 
|  40|0x0000000082800000, 0x0000000082900000, 0x0000000082900000|100%| O|  |TAMS 0x0000000082900000, 0x0000000082800000| Complete 
|  41|0x0000000082900000, 0x0000000082a00000, 0x0000000082a00000|100%| O|  |TAMS 0x0000000082a00000, 0x0000000082900000| Complete 
|  42|0x0000000082a00000, 0x0000000082b00000, 0x0000000082b00000|100%| O|  |TAMS 0x0000000082b00000, 0x0000000082a00000| Complete 
|  43|0x0000000082b00000, 0x0000000082c00000, 0x0000000082c00000|100%| O|  |TAMS 0x0000000082c00000, 0x0000000082b00000| Complete 
|  44|0x0000000082c00000, 0x0000000082d00000, 0x0000000082d00000|100%| O|  |TAMS 0x0000000082d00000, 0x0000000082c00000| Complete 
|  45|0x0000000082d00000, 0x0000000082d00000, 0x0000000082e00000|  0%| F|  |TAMS 0x0000000082d00000, 0x0000000082d00000| Untracked 
|  46|0x0000000082e00000, 0x0000000082f00000, 0x0000000082f00000|100%| O|  |TAMS 0x0000000082f00000, 0x0000000082e00000| Complete 
|  47|0x0000000082f00000, 0x0000000083000000, 0x0000000083000000|100%| O|  |TAMS 0x0000000083000000, 0x0000000082f00000| Untracked 
|  48|0x0000000083000000, 0x0000000083100000, 0x0000000083100000|100%| O|  |TAMS 0x0000000083100000, 0x0000000083000000| Complete 
|  49|0x0000000083100000, 0x0000000083200000, 0x0000000083200000|100%| O|  |TAMS 0x0000000083200000, 0x0000000083100000| Complete 
|  50|0x0000000083200000, 0x0000000083300000, 0x0000000083300000|100%| O|  |TAMS 0x0000000083300000, 0x0000000083200000| Complete 
|  51|0x0000000083300000, 0x0000000083400000, 0x0000000083400000|100%| O|  |TAMS 0x0000000083400000, 0x0000000083300000| Untracked 
|  52|0x0000000083400000, 0x0000000083400000, 0x0000000083500000|  0%| F|  |TAMS 0x0000000083400000, 0x0000000083400000| Untracked 
|  53|0x0000000083500000, 0x0000000083600000, 0x0000000083600000|100%| O|  |TAMS 0x0000000083600000, 0x0000000083500000| Complete 
|  54|0x0000000083600000, 0x0000000083700000, 0x0000000083700000|100%| O|  |TAMS 0x0000000083700000, 0x0000000083600000| Complete 
|  55|0x0000000083700000, 0x0000000083800000, 0x0000000083800000|100%| O|  |TAMS 0x0000000083800000, 0x0000000083700000| Complete 
|  56|0x0000000083800000, 0x0000000083900000, 0x0000000083900000|100%| O|  |TAMS 0x0000000083900000, 0x0000000083800000| Complete 
|  57|0x0000000083900000, 0x0000000083a00000, 0x0000000083a00000|100%| O|  |TAMS 0x0000000083a00000, 0x0000000083900000| Complete 
|  58|0x0000000083a00000, 0x0000000083b00000, 0x0000000083b00000|100%| O|  |TAMS 0x0000000083b00000, 0x0000000083a00000| Untracked 
|  59|0x0000000083b00000, 0x0000000083c00000, 0x0000000083c00000|100%| O|  |TAMS 0x0000000083c00000, 0x0000000083b00000| Complete 
|  60|0x0000000083c00000, 0x0000000083d00000, 0x0000000083d00000|100%| O|  |TAMS 0x0000000083d00000, 0x0000000083c00000| Untracked 
|  61|0x0000000083d00000, 0x0000000083e00000, 0x0000000083e00000|100%| O|  |TAMS 0x0000000083e00000, 0x0000000083d00000| Complete 
|  62|0x0000000083e00000, 0x0000000083f00000, 0x0000000083f00000|100%| O|  |TAMS 0x0000000083f00000, 0x0000000083e00000| Complete 
|  63|0x0000000083f00000, 0x0000000084000000, 0x0000000084000000|100%| O|  |TAMS 0x0000000084000000, 0x0000000083f00000| Complete 
|  64|0x0000000084000000, 0x0000000084100000, 0x0000000084100000|100%| O|  |TAMS 0x0000000084100000, 0x0000000084000000| Complete 
|  65|0x0000000084100000, 0x0000000084200000, 0x0000000084200000|100%| O|  |TAMS 0x0000000084200000, 0x0000000084100000| Complete 
|  66|0x0000000084200000, 0x0000000084300000, 0x0000000084300000|100%| O|  |TAMS 0x0000000084300000, 0x0000000084200000| Untracked 
|  67|0x0000000084300000, 0x0000000084400000, 0x0000000084400000|100%| O|  |TAMS 0x0000000084400000, 0x0000000084300000| Untracked 
|  68|0x0000000084400000, 0x0000000084500000, 0x0000000084500000|100%| O|  |TAMS 0x0000000084500000, 0x0000000084400000| Complete 
|  69|0x0000000084500000, 0x0000000084600000, 0x0000000084600000|100%| O|  |TAMS 0x0000000084600000, 0x0000000084500000| Complete 
|  70|0x0000000084600000, 0x0000000084700000, 0x0000000084700000|100%| O|  |TAMS 0x0000000084700000, 0x0000000084600000| Complete 
|  71|0x0000000084700000, 0x0000000084800000, 0x0000000084800000|100%| O|  |TAMS 0x0000000084800000, 0x0000000084700000| Complete 
|  72|0x0000000084800000, 0x0000000084900000, 0x0000000084900000|100%| O|  |TAMS 0x0000000084900000, 0x0000000084800000| Complete 
|  73|0x0000000084900000, 0x0000000084a00000, 0x0000000084a00000|100%| O|  |TAMS 0x0000000084a00000, 0x0000000084900000| Complete 
|  74|0x0000000084a00000, 0x0000000084b00000, 0x0000000084b00000|100%| O|  |TAMS 0x0000000084b00000, 0x0000000084a00000| Complete 
|  75|0x0000000084b00000, 0x0000000084c00000, 0x0000000084c00000|100%| O|  |TAMS 0x0000000084c00000, 0x0000000084b00000| Complete 
|  76|0x0000000084c00000, 0x0000000084d00000, 0x0000000084d00000|100%| O|  |TAMS 0x0000000084d00000, 0x0000000084c00000| Untracked 
|  77|0x0000000084d00000, 0x0000000084e00000, 0x0000000084e00000|100%| O|  |TAMS 0x0000000084e00000, 0x0000000084d00000| Complete 
|  78|0x0000000084e00000, 0x0000000084e00000, 0x0000000084f00000|  0%| F|  |TAMS 0x0000000084e00000, 0x0000000084e00000| Untracked 
|  79|0x0000000084f00000, 0x0000000084f00000, 0x0000000085000000|  0%| F|  |TAMS 0x0000000084f00000, 0x0000000084f00000| Untracked 
|  80|0x0000000085000000, 0x0000000085100000, 0x0000000085100000|100%| O|  |TAMS 0x0000000085100000, 0x0000000085000000| Complete 
|  81|0x0000000085100000, 0x0000000085200000, 0x0000000085200000|100%| O|  |TAMS 0x0000000085200000, 0x0000000085100000| Complete 
|  82|0x0000000085200000, 0x0000000085300000, 0x0000000085300000|100%| O|  |TAMS 0x0000000085300000, 0x0000000085200000| Complete 
|  83|0x0000000085300000, 0x0000000085400000, 0x0000000085400000|100%|HS|  |TAMS 0x0000000085300000, 0x0000000085300000| Complete 
|  84|0x0000000085400000, 0x0000000085500000, 0x0000000085500000|100%| O|  |TAMS 0x0000000085500000, 0x0000000085400000| Complete 
|  85|0x0000000085500000, 0x0000000085600000, 0x0000000085600000|100%| O|  |TAMS 0x0000000085600000, 0x0000000085500000| Complete 
|  86|0x0000000085600000, 0x0000000085700000, 0x0000000085700000|100%| O|  |TAMS 0x0000000085700000, 0x0000000085600000| Complete 
|  87|0x0000000085700000, 0x0000000085800000, 0x0000000085800000|100%| O|  |TAMS 0x0000000085800000, 0x0000000085700000| Complete 
|  88|0x0000000085800000, 0x0000000085900000, 0x0000000085900000|100%| O|  |TAMS 0x0000000085900000, 0x0000000085800000| Untracked 
|  89|0x0000000085900000, 0x0000000085a00000, 0x0000000085a00000|100%| O|  |TAMS 0x0000000085a00000, 0x0000000085900000| Complete 
|  90|0x0000000085a00000, 0x0000000085b00000, 0x0000000085b00000|100%| O|  |TAMS 0x0000000085b00000, 0x0000000085a00000| Complete 
|  91|0x0000000085b00000, 0x0000000085c00000, 0x0000000085c00000|100%| O|  |TAMS 0x0000000085c00000, 0x0000000085b00000| Complete 
|  92|0x0000000085c00000, 0x0000000085d00000, 0x0000000085d00000|100%| O|  |TAMS 0x0000000085d00000, 0x0000000085c00000| Complete 
|  93|0x0000000085d00000, 0x0000000085e00000, 0x0000000085e00000|100%| O|  |TAMS 0x0000000085e00000, 0x0000000085d00000| Complete 
|  94|0x0000000085e00000, 0x0000000085f00000, 0x0000000085f00000|100%| O|  |TAMS 0x0000000085f00000, 0x0000000085e00000| Untracked 
|  95|0x0000000085f00000, 0x0000000086000000, 0x0000000086000000|100%| O|  |TAMS 0x0000000086000000, 0x0000000085f00000| Untracked 
|  96|0x0000000086000000, 0x0000000086100000, 0x0000000086100000|100%| O|  |TAMS 0x0000000086100000, 0x0000000086000000| Untracked 
|  97|0x0000000086100000, 0x0000000086200000, 0x0000000086200000|100%| O|  |TAMS 0x0000000086200000, 0x0000000086100000| Untracked 
|  98|0x0000000086200000, 0x0000000086300000, 0x0000000086300000|100%| O|  |TAMS 0x0000000086300000, 0x0000000086200000| Complete 
|  99|0x0000000086300000, 0x0000000086300000, 0x0000000086400000|  0%| F|  |TAMS 0x0000000086300000, 0x0000000086300000| Untracked 
| 100|0x0000000086400000, 0x0000000086500000, 0x0000000086500000|100%| O|  |TAMS 0x0000000086500000, 0x0000000086400000| Complete 
| 101|0x0000000086500000, 0x0000000086600000, 0x0000000086600000|100%| O|  |TAMS 0x0000000086600000, 0x0000000086500000| Untracked 
| 102|0x0000000086600000, 0x0000000086700000, 0x0000000086700000|100%| O|  |TAMS 0x0000000086700000, 0x0000000086600000| Untracked 
| 103|0x0000000086700000, 0x0000000086800000, 0x0000000086800000|100%| O|  |TAMS 0x0000000086800000, 0x0000000086700000| Complete 
| 104|0x0000000086800000, 0x0000000086900000, 0x0000000086900000|100%| O|  |TAMS 0x0000000086900000, 0x0000000086800000| Untracked 
| 105|0x0000000086900000, 0x0000000086a00000, 0x0000000086a00000|100%| O|  |TAMS 0x0000000086a00000, 0x0000000086900000| Untracked 
| 106|0x0000000086a00000, 0x0000000086b00000, 0x0000000086b00000|100%| O|  |TAMS 0x0000000086b00000, 0x0000000086a00000| Untracked 
| 107|0x0000000086b00000, 0x0000000086c00000, 0x0000000086c00000|100%| O|  |TAMS 0x0000000086c00000, 0x0000000086b00000| Untracked 
| 108|0x0000000086c00000, 0x0000000086d00000, 0x0000000086d00000|100%| O|  |TAMS 0x0000000086d00000, 0x0000000086c00000| Complete 
| 109|0x0000000086d00000, 0x0000000086e00000, 0x0000000086e00000|100%| O|  |TAMS 0x0000000086e00000, 0x0000000086d00000| Untracked 
| 110|0x0000000086e00000, 0x0000000086f00000, 0x0000000086f00000|100%| O|  |TAMS 0x0000000086f00000, 0x0000000086e00000| Untracked 
| 111|0x0000000086f00000, 0x0000000087000000, 0x0000000087000000|100%| O|  |TAMS 0x0000000087000000, 0x0000000086f00000| Untracked 
| 112|0x0000000087000000, 0x0000000087100000, 0x0000000087100000|100%| O|  |TAMS 0x0000000087100000, 0x0000000087000000| Complete 
| 113|0x0000000087100000, 0x0000000087200000, 0x0000000087200000|100%| O|  |TAMS 0x0000000087200000, 0x0000000087100000| Untracked 
| 114|0x0000000087200000, 0x0000000087300000, 0x0000000087300000|100%| O|  |TAMS 0x0000000087300000, 0x0000000087200000| Untracked 
| 115|0x0000000087300000, 0x0000000087400000, 0x0000000087400000|100%| O|  |TAMS 0x0000000087400000, 0x0000000087300000| Untracked 
| 116|0x0000000087400000, 0x0000000087500000, 0x0000000087500000|100%| O|  |TAMS 0x0000000087500000, 0x0000000087400000| Complete 
| 117|0x0000000087500000, 0x0000000087600000, 0x0000000087600000|100%| O|  |TAMS 0x0000000087600000, 0x0000000087500000| Untracked 
| 118|0x0000000087600000, 0x0000000087700000, 0x0000000087700000|100%| O|  |TAMS 0x0000000087700000, 0x0000000087600000| Untracked 
| 119|0x0000000087700000, 0x0000000087800000, 0x0000000087800000|100%| O|  |TAMS 0x0000000087800000, 0x0000000087700000| Untracked 
| 120|0x0000000087800000, 0x0000000087900000, 0x0000000087900000|100%| O|  |TAMS 0x0000000087900000, 0x0000000087800000| Complete 
| 121|0x0000000087900000, 0x0000000087900000, 0x0000000087a00000|  0%| F|  |TAMS 0x0000000087900000, 0x0000000087900000| Untracked 
| 122|0x0000000087a00000, 0x0000000087b00000, 0x0000000087b00000|100%| O|  |TAMS 0x0000000087b00000, 0x0000000087a00000| Untracked 
| 123|0x0000000087b00000, 0x0000000087c00000, 0x0000000087c00000|100%| O|  |TAMS 0x0000000087c00000, 0x0000000087b00000| Untracked 
| 124|0x0000000087c00000, 0x0000000087d00000, 0x0000000087d00000|100%| O|  |TAMS 0x0000000087d00000, 0x0000000087c00000| Untracked 
| 125|0x0000000087d00000, 0x0000000087e00000, 0x0000000087e00000|100%| O|  |TAMS 0x0000000087e00000, 0x0000000087d00000| Untracked 
| 126|0x0000000087e00000, 0x0000000087f00000, 0x0000000087f00000|100%| O|  |TAMS 0x0000000087f00000, 0x0000000087e00000| Untracked 
| 127|0x0000000087f00000, 0x0000000088000000, 0x0000000088000000|100%| O|  |TAMS 0x0000000088000000, 0x0000000087f00000| Untracked 
| 128|0x0000000088000000, 0x0000000088100000, 0x0000000088100000|100%| O|  |TAMS 0x0000000088100000, 0x0000000088000000| Untracked 
| 129|0x0000000088100000, 0x0000000088200000, 0x0000000088200000|100%| O|  |TAMS 0x0000000088200000, 0x0000000088100000| Untracked 
| 130|0x0000000088200000, 0x0000000088300000, 0x0000000088300000|100%| O|  |TAMS 0x0000000088300000, 0x0000000088200000| Complete 
| 131|0x0000000088300000, 0x0000000088400000, 0x0000000088400000|100%| O|  |TAMS 0x0000000088400000, 0x0000000088300000| Complete 
| 132|0x0000000088400000, 0x0000000088500000, 0x0000000088500000|100%| O|  |TAMS 0x0000000088500000, 0x0000000088400000| Complete 
| 133|0x0000000088500000, 0x0000000088600000, 0x0000000088600000|100%| O|  |TAMS 0x0000000088600000, 0x0000000088500000| Complete 
| 134|0x0000000088600000, 0x0000000088700000, 0x0000000088700000|100%| O|  |TAMS 0x0000000088700000, 0x0000000088600000| Complete 
| 135|0x0000000088700000, 0x0000000088800000, 0x0000000088800000|100%| O|  |TAMS 0x0000000088800000, 0x0000000088700000| Complete 
| 136|0x0000000088800000, 0x0000000088900000, 0x0000000088900000|100%| O|  |TAMS 0x0000000088900000, 0x0000000088800000| Complete 
| 137|0x0000000088900000, 0x0000000088a00000, 0x0000000088a00000|100%| O|  |TAMS 0x0000000088a00000, 0x0000000088900000| Complete 
| 138|0x0000000088a00000, 0x0000000088b00000, 0x0000000088b00000|100%| O|  |TAMS 0x0000000088b00000, 0x0000000088a00000| Complete 
| 139|0x0000000088b00000, 0x0000000088b00000, 0x0000000088c00000|  0%| F|  |TAMS 0x0000000088b00000, 0x0000000088b00000| Untracked 
| 140|0x0000000088c00000, 0x0000000088d00000, 0x0000000088d00000|100%| O|  |TAMS 0x0000000088d00000, 0x0000000088c00000| Complete 
| 141|0x0000000088d00000, 0x0000000088d00000, 0x0000000088e00000|  0%| F|  |TAMS 0x0000000088d00000, 0x0000000088d00000| Untracked 
| 142|0x0000000088e00000, 0x0000000088f00000, 0x0000000088f00000|100%| O|  |TAMS 0x0000000088f00000, 0x0000000088e00000| Complete 
| 143|0x0000000088f00000, 0x0000000089000000, 0x0000000089000000|100%| O|  |TAMS 0x0000000089000000, 0x0000000088f00000| Complete 
| 144|0x0000000089000000, 0x0000000089000000, 0x0000000089100000|  0%| F|  |TAMS 0x0000000089000000, 0x0000000089000000| Untracked 
| 145|0x0000000089100000, 0x0000000089100000, 0x0000000089200000|  0%| F|  |TAMS 0x0000000089100000, 0x0000000089100000| Untracked 
| 146|0x0000000089200000, 0x0000000089200000, 0x0000000089300000|  0%| F|  |TAMS 0x0000000089200000, 0x0000000089200000| Untracked 
| 147|0x0000000089300000, 0x0000000089300000, 0x0000000089400000|  0%| F|  |TAMS 0x0000000089300000, 0x0000000089300000| Untracked 
| 148|0x0000000089400000, 0x0000000089500000, 0x0000000089500000|100%| O|  |TAMS 0x0000000089500000, 0x0000000089400000| Untracked 
| 149|0x0000000089500000, 0x0000000089500000, 0x0000000089600000|  0%| F|  |TAMS 0x0000000089500000, 0x0000000089500000| Untracked 
| 150|0x0000000089600000, 0x0000000089700000, 0x0000000089700000|100%|HS|  |TAMS 0x0000000089700000, 0x0000000089600000| Complete 
| 151|0x0000000089700000, 0x0000000089700000, 0x0000000089800000|  0%| F|  |TAMS 0x0000000089700000, 0x0000000089700000| Untracked 
| 152|0x0000000089800000, 0x0000000089900000, 0x0000000089900000|100%|HS|  |TAMS 0x0000000089900000, 0x0000000089800000| Complete 
| 153|0x0000000089900000, 0x0000000089900000, 0x0000000089a00000|  0%| F|  |TAMS 0x0000000089900000, 0x0000000089900000| Untracked 
| 154|0x0000000089a00000, 0x0000000089a00000, 0x0000000089b00000|  0%| F|  |TAMS 0x0000000089a00000, 0x0000000089a00000| Untracked 
| 155|0x0000000089b00000, 0x0000000089b00000, 0x0000000089c00000|  0%| F|  |TAMS 0x0000000089b00000, 0x0000000089b00000| Untracked 
| 156|0x0000000089c00000, 0x0000000089c00000, 0x0000000089d00000|  0%| F|  |TAMS 0x0000000089c00000, 0x0000000089c00000| Untracked 
| 157|0x0000000089d00000, 0x0000000089d00000, 0x0000000089e00000|  0%| F|  |TAMS 0x0000000089d00000, 0x0000000089d00000| Untracked 
| 158|0x0000000089e00000, 0x0000000089e00000, 0x0000000089f00000|  0%| F|  |TAMS 0x0000000089e00000, 0x0000000089e00000| Untracked 
| 159|0x0000000089f00000, 0x0000000089f00000, 0x000000008a000000|  0%| F|  |TAMS 0x0000000089f00000, 0x0000000089f00000| Untracked 
| 160|0x000000008a000000, 0x000000008a000000, 0x000000008a100000|  0%| F|  |TAMS 0x000000008a000000, 0x000000008a000000| Untracked 
| 161|0x000000008a100000, 0x000000008a200000, 0x000000008a200000|100%| O|  |TAMS 0x000000008a200000, 0x000000008a100000| Complete 
| 162|0x000000008a200000, 0x000000008a300000, 0x000000008a300000|100%| O|  |TAMS 0x000000008a300000, 0x000000008a200000| Complete 
| 163|0x000000008a300000, 0x000000008a300000, 0x000000008a400000|  0%| F|  |TAMS 0x000000008a300000, 0x000000008a300000| Untracked 
| 164|0x000000008a400000, 0x000000008a500000, 0x000000008a500000|100%| O|  |TAMS 0x000000008a500000, 0x000000008a400000| Complete 
| 165|0x000000008a500000, 0x000000008a600000, 0x000000008a600000|100%| O|  |TAMS 0x000000008a600000, 0x000000008a500000| Complete 
| 166|0x000000008a600000, 0x000000008a700000, 0x000000008a700000|100%| O|  |TAMS 0x000000008a700000, 0x000000008a600000| Complete 
| 167|0x000000008a700000, 0x000000008a800000, 0x000000008a800000|100%| O|  |TAMS 0x000000008a800000, 0x000000008a700000| Complete 
| 168|0x000000008a800000, 0x000000008a900000, 0x000000008a900000|100%| O|  |TAMS 0x000000008a900000, 0x000000008a800000| Complete 
| 169|0x000000008a900000, 0x000000008aa00000, 0x000000008aa00000|100%| O|  |TAMS 0x000000008aa00000, 0x000000008a900000| Untracked 
| 170|0x000000008aa00000, 0x000000008ab00000, 0x000000008ab00000|100%| O|  |TAMS 0x000000008ab00000, 0x000000008aa00000| Complete 
| 171|0x000000008ab00000, 0x000000008ac00000, 0x000000008ac00000|100%| O|  |TAMS 0x000000008ac00000, 0x000000008ab00000| Complete 
| 172|0x000000008ac00000, 0x000000008ad00000, 0x000000008ad00000|100%| O|  |TAMS 0x000000008ad00000, 0x000000008ac00000| Complete 
| 173|0x000000008ad00000, 0x000000008ae00000, 0x000000008ae00000|100%| O|  |TAMS 0x000000008ae00000, 0x000000008ad00000| Complete 
| 174|0x000000008ae00000, 0x000000008af00000, 0x000000008af00000|100%| O|  |TAMS 0x000000008af00000, 0x000000008ae00000| Complete 
| 175|0x000000008af00000, 0x000000008b000000, 0x000000008b000000|100%| O|  |TAMS 0x000000008b000000, 0x000000008af00000| Complete 
| 176|0x000000008b000000, 0x000000008b100000, 0x000000008b100000|100%| O|  |TAMS 0x000000008b100000, 0x000000008b000000| Untracked 
| 177|0x000000008b100000, 0x000000008b1c2800, 0x000000008b200000| 75%| O|  |TAMS 0x000000008b1c2800, 0x000000008b100000| Untracked 
| 178|0x000000008b200000, 0x000000008b300000, 0x000000008b300000|100%|HS|  |TAMS 0x000000008b200000, 0x000000008b200000| Complete 
| 179|0x000000008b300000, 0x000000008b400000, 0x000000008b400000|100%|HC|  |TAMS 0x000000008b300000, 0x000000008b300000| Complete 
| 180|0x000000008b400000, 0x000000008b500000, 0x000000008b500000|100%|HC|  |TAMS 0x000000008b400000, 0x000000008b400000| Complete 
| 181|0x000000008b500000, 0x000000008b600000, 0x000000008b600000|100%|HC|  |TAMS 0x000000008b500000, 0x000000008b500000| Complete 
| 182|0x000000008b600000, 0x000000008b700000, 0x000000008b700000|100%|HC|  |TAMS 0x000000008b600000, 0x000000008b600000| Complete 
| 183|0x000000008b700000, 0x000000008b800000, 0x000000008b800000|100%|HC|  |TAMS 0x000000008b700000, 0x000000008b700000| Complete 
| 184|0x000000008b800000, 0x000000008b900000, 0x000000008b900000|100%|HS|  |TAMS 0x000000008b800000, 0x000000008b800000| Complete 
| 185|0x000000008b900000, 0x000000008ba00000, 0x000000008ba00000|100%|HC|  |TAMS 0x000000008b900000, 0x000000008b900000| Complete 
| 186|0x000000008ba00000, 0x000000008bb00000, 0x000000008bb00000|100%|HC|  |TAMS 0x000000008ba00000, 0x000000008ba00000| Complete 
| 187|0x000000008bb00000, 0x000000008bc00000, 0x000000008bc00000|100%|HC|  |TAMS 0x000000008bb00000, 0x000000008bb00000| Complete 
| 188|0x000000008bc00000, 0x000000008bd00000, 0x000000008bd00000|100%|HC|  |TAMS 0x000000008bc00000, 0x000000008bc00000| Complete 
| 189|0x000000008bd00000, 0x000000008be00000, 0x000000008be00000|100%|HC|  |TAMS 0x000000008bd00000, 0x000000008bd00000| Complete 
| 190|0x000000008be00000, 0x000000008bf00000, 0x000000008bf00000|100%|HS|  |TAMS 0x000000008be00000, 0x000000008be00000| Complete 
| 191|0x000000008bf00000, 0x000000008c000000, 0x000000008c000000|100%|HC|  |TAMS 0x000000008bf00000, 0x000000008bf00000| Complete 
| 192|0x000000008c000000, 0x000000008c100000, 0x000000008c100000|100%|HS|  |TAMS 0x000000008c000000, 0x000000008c000000| Complete 
| 193|0x000000008c100000, 0x000000008c200000, 0x000000008c200000|100%|HC|  |TAMS 0x000000008c100000, 0x000000008c100000| Complete 
| 194|0x000000008c200000, 0x000000008c300000, 0x000000008c300000|100%|HS|  |TAMS 0x000000008c200000, 0x000000008c200000| Complete 
| 195|0x000000008c300000, 0x000000008c400000, 0x000000008c400000|100%|HC|  |TAMS 0x000000008c300000, 0x000000008c300000| Complete 
| 196|0x000000008c400000, 0x000000008c400000, 0x000000008c500000|  0%| F|  |TAMS 0x000000008c400000, 0x000000008c400000| Untracked 
| 197|0x000000008c500000, 0x000000008c500000, 0x000000008c600000|  0%| F|  |TAMS 0x000000008c500000, 0x000000008c500000| Untracked 
| 198|0x000000008c600000, 0x000000008c600000, 0x000000008c700000|  0%| F|  |TAMS 0x000000008c600000, 0x000000008c600000| Untracked 
| 199|0x000000008c700000, 0x000000008c700000, 0x000000008c800000|  0%| F|  |TAMS 0x000000008c700000, 0x000000008c700000| Untracked 
| 200|0x000000008c800000, 0x000000008c800000, 0x000000008c900000|  0%| F|  |TAMS 0x000000008c800000, 0x000000008c800000| Untracked 
| 201|0x000000008c900000, 0x000000008c900000, 0x000000008ca00000|  0%| F|  |TAMS 0x000000008c900000, 0x000000008c900000| Untracked 
| 202|0x000000008ca00000, 0x000000008ca00000, 0x000000008cb00000|  0%| F|  |TAMS 0x000000008ca00000, 0x000000008ca00000| Untracked 
| 203|0x000000008cb00000, 0x000000008cb00000, 0x000000008cc00000|  0%| F|  |TAMS 0x000000008cb00000, 0x000000008cb00000| Untracked 
| 204|0x000000008cc00000, 0x000000008cc00000, 0x000000008cd00000|  0%| F|  |TAMS 0x000000008cc00000, 0x000000008cc00000| Untracked 
| 205|0x000000008cd00000, 0x000000008cd00000, 0x000000008ce00000|  0%| F|  |TAMS 0x000000008cd00000, 0x000000008cd00000| Untracked 
| 206|0x000000008ce00000, 0x000000008ce00000, 0x000000008cf00000|  0%| F|  |TAMS 0x000000008ce00000, 0x000000008ce00000| Untracked 
| 207|0x000000008cf00000, 0x000000008cf00000, 0x000000008d000000|  0%| F|  |TAMS 0x000000008cf00000, 0x000000008cf00000| Untracked 
| 208|0x000000008d000000, 0x000000008d000000, 0x000000008d100000|  0%| F|  |TAMS 0x000000008d000000, 0x000000008d000000| Untracked 
| 209|0x000000008d100000, 0x000000008d100000, 0x000000008d200000|  0%| F|  |TAMS 0x000000008d100000, 0x000000008d100000| Untracked 
| 210|0x000000008d200000, 0x000000008d200000, 0x000000008d300000|  0%| F|  |TAMS 0x000000008d200000, 0x000000008d200000| Untracked 
| 211|0x000000008d300000, 0x000000008d300000, 0x000000008d400000|  0%| F|  |TAMS 0x000000008d300000, 0x000000008d300000| Untracked 
| 212|0x000000008d400000, 0x000000008d400000, 0x000000008d500000|  0%| F|  |TAMS 0x000000008d400000, 0x000000008d400000| Untracked 
| 213|0x000000008d500000, 0x000000008d500000, 0x000000008d600000|  0%| F|  |TAMS 0x000000008d500000, 0x000000008d500000| Untracked 
| 214|0x000000008d600000, 0x000000008d600000, 0x000000008d700000|  0%| F|  |TAMS 0x000000008d600000, 0x000000008d600000| Untracked 
| 215|0x000000008d700000, 0x000000008d700000, 0x000000008d800000|  0%| F|  |TAMS 0x000000008d700000, 0x000000008d700000| Untracked 
| 216|0x000000008d800000, 0x000000008d800000, 0x000000008d900000|  0%| F|  |TAMS 0x000000008d800000, 0x000000008d800000| Untracked 
| 217|0x000000008d900000, 0x000000008d900000, 0x000000008da00000|  0%| F|  |TAMS 0x000000008d900000, 0x000000008d900000| Untracked 
| 218|0x000000008da00000, 0x000000008da00000, 0x000000008db00000|  0%| F|  |TAMS 0x000000008da00000, 0x000000008da00000| Untracked 
| 219|0x000000008db00000, 0x000000008db00000, 0x000000008dc00000|  0%| F|  |TAMS 0x000000008db00000, 0x000000008db00000| Untracked 
| 220|0x000000008dc00000, 0x000000008dc00000, 0x000000008dd00000|  0%| F|  |TAMS 0x000000008dc00000, 0x000000008dc00000| Untracked 
| 221|0x000000008dd00000, 0x000000008dd00000, 0x000000008de00000|  0%| F|  |TAMS 0x000000008dd00000, 0x000000008dd00000| Untracked 
| 222|0x000000008de00000, 0x000000008de00000, 0x000000008df00000|  0%| F|  |TAMS 0x000000008de00000, 0x000000008de00000| Untracked 
| 223|0x000000008df00000, 0x000000008df00000, 0x000000008e000000|  0%| F|  |TAMS 0x000000008df00000, 0x000000008df00000| Untracked 
| 224|0x000000008e000000, 0x000000008e000000, 0x000000008e100000|  0%| F|  |TAMS 0x000000008e000000, 0x000000008e000000| Untracked 
| 225|0x000000008e100000, 0x000000008e100000, 0x000000008e200000|  0%| F|  |TAMS 0x000000008e100000, 0x000000008e100000| Untracked 
| 226|0x000000008e200000, 0x000000008e200000, 0x000000008e300000|  0%| F|  |TAMS 0x000000008e200000, 0x000000008e200000| Untracked 
| 227|0x000000008e300000, 0x000000008e300000, 0x000000008e400000|  0%| F|  |TAMS 0x000000008e300000, 0x000000008e300000| Untracked 
| 228|0x000000008e400000, 0x000000008e400000, 0x000000008e500000|  0%| F|  |TAMS 0x000000008e400000, 0x000000008e400000| Untracked 
| 229|0x000000008e500000, 0x000000008e500000, 0x000000008e600000|  0%| F|  |TAMS 0x000000008e500000, 0x000000008e500000| Untracked 
| 230|0x000000008e600000, 0x000000008e600000, 0x000000008e700000|  0%| F|  |TAMS 0x000000008e600000, 0x000000008e600000| Untracked 
| 231|0x000000008e700000, 0x000000008e700000, 0x000000008e800000|  0%| F|  |TAMS 0x000000008e700000, 0x000000008e700000| Untracked 
| 232|0x000000008e800000, 0x000000008e800000, 0x000000008e900000|  0%| F|  |TAMS 0x000000008e800000, 0x000000008e800000| Untracked 
| 233|0x000000008e900000, 0x000000008e900000, 0x000000008ea00000|  0%| F|  |TAMS 0x000000008e900000, 0x000000008e900000| Untracked 
| 234|0x000000008ea00000, 0x000000008ea00000, 0x000000008eb00000|  0%| F|  |TAMS 0x000000008ea00000, 0x000000008ea00000| Untracked 
| 235|0x000000008eb00000, 0x000000008eb00000, 0x000000008ec00000|  0%| F|  |TAMS 0x000000008eb00000, 0x000000008eb00000| Untracked 
| 236|0x000000008ec00000, 0x000000008ec00000, 0x000000008ed00000|  0%| F|  |TAMS 0x000000008ec00000, 0x000000008ec00000| Untracked 
| 237|0x000000008ed00000, 0x000000008ed00000, 0x000000008ee00000|  0%| F|  |TAMS 0x000000008ed00000, 0x000000008ed00000| Untracked 
| 238|0x000000008ee00000, 0x000000008ee00000, 0x000000008ef00000|  0%| F|  |TAMS 0x000000008ee00000, 0x000000008ee00000| Untracked 
| 239|0x000000008ef00000, 0x000000008ef00000, 0x000000008f000000|  0%| F|  |TAMS 0x000000008ef00000, 0x000000008ef00000| Untracked 
| 240|0x000000008f000000, 0x000000008f000000, 0x000000008f100000|  0%| F|  |TAMS 0x000000008f000000, 0x000000008f000000| Untracked 
| 241|0x000000008f100000, 0x000000008f100000, 0x000000008f200000|  0%| F|  |TAMS 0x000000008f100000, 0x000000008f100000| Untracked 
| 242|0x000000008f200000, 0x000000008f200000, 0x000000008f300000|  0%| F|  |TAMS 0x000000008f200000, 0x000000008f200000| Untracked 
| 243|0x000000008f300000, 0x000000008f300000, 0x000000008f400000|  0%| F|  |TAMS 0x000000008f300000, 0x000000008f300000| Untracked 
| 244|0x000000008f400000, 0x000000008f400000, 0x000000008f500000|  0%| F|  |TAMS 0x000000008f400000, 0x000000008f400000| Untracked 
| 245|0x000000008f500000, 0x000000008f500000, 0x000000008f600000|  0%| F|  |TAMS 0x000000008f500000, 0x000000008f500000| Untracked 
| 246|0x000000008f600000, 0x000000008f600000, 0x000000008f700000|  0%| F|  |TAMS 0x000000008f600000, 0x000000008f600000| Untracked 
| 247|0x000000008f700000, 0x000000008f700000, 0x000000008f800000|  0%| F|  |TAMS 0x000000008f700000, 0x000000008f700000| Untracked 
| 248|0x000000008f800000, 0x000000008f800000, 0x000000008f900000|  0%| F|  |TAMS 0x000000008f800000, 0x000000008f800000| Untracked 
| 249|0x000000008f900000, 0x000000008f900000, 0x000000008fa00000|  0%| F|  |TAMS 0x000000008f900000, 0x000000008f900000| Untracked 
| 250|0x000000008fa00000, 0x000000008fa00000, 0x000000008fb00000|  0%| F|  |TAMS 0x000000008fa00000, 0x000000008fa00000| Untracked 
| 251|0x000000008fb00000, 0x000000008fb00000, 0x000000008fc00000|  0%| F|  |TAMS 0x000000008fb00000, 0x000000008fb00000| Untracked 
| 252|0x000000008fc00000, 0x000000008fc00000, 0x000000008fd00000|  0%| F|  |TAMS 0x000000008fc00000, 0x000000008fc00000| Untracked 
| 253|0x000000008fd00000, 0x000000008fd00000, 0x000000008fe00000|  0%| F|  |TAMS 0x000000008fd00000, 0x000000008fd00000| Untracked 
| 254|0x000000008fe00000, 0x000000008fe00000, 0x000000008ff00000|  0%| F|  |TAMS 0x000000008fe00000, 0x000000008fe00000| Untracked 
| 255|0x000000008ff00000, 0x000000008ff00000, 0x0000000090000000|  0%| F|  |TAMS 0x000000008ff00000, 0x000000008ff00000| Untracked 
| 256|0x0000000090000000, 0x0000000090000000, 0x0000000090100000|  0%| F|  |TAMS 0x0000000090000000, 0x0000000090000000| Untracked 
| 257|0x0000000090100000, 0x0000000090100000, 0x0000000090200000|  0%| F|  |TAMS 0x0000000090100000, 0x0000000090100000| Untracked 
| 258|0x0000000090200000, 0x0000000090200000, 0x0000000090300000|  0%| F|  |TAMS 0x0000000090200000, 0x0000000090200000| Untracked 
| 259|0x0000000090300000, 0x0000000090300000, 0x0000000090400000|  0%| F|  |TAMS 0x0000000090300000, 0x0000000090300000| Untracked 
| 260|0x0000000090400000, 0x0000000090400000, 0x0000000090500000|  0%| F|  |TAMS 0x0000000090400000, 0x0000000090400000| Untracked 
| 261|0x0000000090500000, 0x0000000090500000, 0x0000000090600000|  0%| F|  |TAMS 0x0000000090500000, 0x0000000090500000| Untracked 
| 262|0x0000000090600000, 0x0000000090600000, 0x0000000090700000|  0%| F|  |TAMS 0x0000000090600000, 0x0000000090600000| Untracked 
| 263|0x0000000090700000, 0x0000000090700000, 0x0000000090800000|  0%| F|  |TAMS 0x0000000090700000, 0x0000000090700000| Untracked 
| 264|0x0000000090800000, 0x0000000090800000, 0x0000000090900000|  0%| F|  |TAMS 0x0000000090800000, 0x0000000090800000| Untracked 
| 265|0x0000000090900000, 0x0000000090900000, 0x0000000090a00000|  0%| F|  |TAMS 0x0000000090900000, 0x0000000090900000| Untracked 
| 266|0x0000000090a00000, 0x0000000090a00000, 0x0000000090b00000|  0%| F|  |TAMS 0x0000000090a00000, 0x0000000090a00000| Untracked 
| 267|0x0000000090b00000, 0x0000000090b00000, 0x0000000090c00000|  0%| F|  |TAMS 0x0000000090b00000, 0x0000000090b00000| Untracked 
| 268|0x0000000090c00000, 0x0000000090c00000, 0x0000000090d00000|  0%| F|  |TAMS 0x0000000090c00000, 0x0000000090c00000| Untracked 
| 269|0x0000000090d00000, 0x0000000090d00000, 0x0000000090e00000|  0%| F|  |TAMS 0x0000000090d00000, 0x0000000090d00000| Untracked 
| 270|0x0000000090e00000, 0x0000000090e00000, 0x0000000090f00000|  0%| F|  |TAMS 0x0000000090e00000, 0x0000000090e00000| Untracked 
| 271|0x0000000090f00000, 0x0000000090f00000, 0x0000000091000000|  0%| F|  |TAMS 0x0000000090f00000, 0x0000000090f00000| Untracked 
| 272|0x0000000091000000, 0x0000000091000000, 0x0000000091100000|  0%| F|  |TAMS 0x0000000091000000, 0x0000000091000000| Untracked 
| 273|0x0000000091100000, 0x0000000091100000, 0x0000000091200000|  0%| F|  |TAMS 0x0000000091100000, 0x0000000091100000| Untracked 
| 274|0x0000000091200000, 0x0000000091200000, 0x0000000091300000|  0%| F|  |TAMS 0x0000000091200000, 0x0000000091200000| Untracked 
| 275|0x0000000091300000, 0x0000000091300000, 0x0000000091400000|  0%| F|  |TAMS 0x0000000091300000, 0x0000000091300000| Untracked 
| 276|0x0000000091400000, 0x0000000091400000, 0x0000000091500000|  0%| F|  |TAMS 0x0000000091400000, 0x0000000091400000| Untracked 
| 277|0x0000000091500000, 0x0000000091500000, 0x0000000091600000|  0%| F|  |TAMS 0x0000000091500000, 0x0000000091500000| Untracked 
| 278|0x0000000091600000, 0x0000000091600000, 0x0000000091700000|  0%| F|  |TAMS 0x0000000091600000, 0x0000000091600000| Untracked 
| 279|0x0000000091700000, 0x0000000091700000, 0x0000000091800000|  0%| F|  |TAMS 0x0000000091700000, 0x0000000091700000| Untracked 
| 280|0x0000000091800000, 0x0000000091800000, 0x0000000091900000|  0%| F|  |TAMS 0x0000000091800000, 0x0000000091800000| Untracked 
| 281|0x0000000091900000, 0x0000000091900000, 0x0000000091a00000|  0%| F|  |TAMS 0x0000000091900000, 0x0000000091900000| Untracked 
| 282|0x0000000091a00000, 0x0000000091a00000, 0x0000000091b00000|  0%| F|  |TAMS 0x0000000091a00000, 0x0000000091a00000| Untracked 
| 283|0x0000000091b00000, 0x0000000091b00000, 0x0000000091c00000|  0%| F|  |TAMS 0x0000000091b00000, 0x0000000091b00000| Untracked 
| 284|0x0000000091c00000, 0x0000000091c00000, 0x0000000091d00000|  0%| F|  |TAMS 0x0000000091c00000, 0x0000000091c00000| Untracked 
| 285|0x0000000091d00000, 0x0000000091d00000, 0x0000000091e00000|  0%| F|  |TAMS 0x0000000091d00000, 0x0000000091d00000| Untracked 
| 286|0x0000000091e00000, 0x0000000091e00000, 0x0000000091f00000|  0%| F|  |TAMS 0x0000000091e00000, 0x0000000091e00000| Untracked 
| 287|0x0000000091f00000, 0x0000000091f00000, 0x0000000092000000|  0%| F|  |TAMS 0x0000000091f00000, 0x0000000091f00000| Untracked 
| 288|0x0000000092000000, 0x0000000092000000, 0x0000000092100000|  0%| F|  |TAMS 0x0000000092000000, 0x0000000092000000| Untracked 
| 289|0x0000000092100000, 0x0000000092100000, 0x0000000092200000|  0%| F|  |TAMS 0x0000000092100000, 0x0000000092100000| Untracked 
| 290|0x0000000092200000, 0x0000000092200000, 0x0000000092300000|  0%| F|  |TAMS 0x0000000092200000, 0x0000000092200000| Untracked 
| 291|0x0000000092300000, 0x0000000092300000, 0x0000000092400000|  0%| F|  |TAMS 0x0000000092300000, 0x0000000092300000| Untracked 
| 292|0x0000000092400000, 0x0000000092400000, 0x0000000092500000|  0%| F|  |TAMS 0x0000000092400000, 0x0000000092400000| Untracked 
| 293|0x0000000092500000, 0x0000000092500000, 0x0000000092600000|  0%| F|  |TAMS 0x0000000092500000, 0x0000000092500000| Untracked 
| 294|0x0000000092600000, 0x0000000092600000, 0x0000000092700000|  0%| F|  |TAMS 0x0000000092600000, 0x0000000092600000| Untracked 
| 295|0x0000000092700000, 0x0000000092700000, 0x0000000092800000|  0%| F|  |TAMS 0x0000000092700000, 0x0000000092700000| Untracked 
| 296|0x0000000092800000, 0x0000000092800000, 0x0000000092900000|  0%| F|  |TAMS 0x0000000092800000, 0x0000000092800000| Untracked 
| 297|0x0000000092900000, 0x0000000092900000, 0x0000000092a00000|  0%| F|  |TAMS 0x0000000092900000, 0x0000000092900000| Untracked 
| 298|0x0000000092a00000, 0x0000000092a00000, 0x0000000092b00000|  0%| F|  |TAMS 0x0000000092a00000, 0x0000000092a00000| Untracked 
| 299|0x0000000092b00000, 0x0000000092b00000, 0x0000000092c00000|  0%| F|  |TAMS 0x0000000092b00000, 0x0000000092b00000| Untracked 
| 300|0x0000000092c00000, 0x0000000092c00000, 0x0000000092d00000|  0%| F|  |TAMS 0x0000000092c00000, 0x0000000092c00000| Untracked 
| 301|0x0000000092d00000, 0x0000000092d00000, 0x0000000092e00000|  0%| F|  |TAMS 0x0000000092d00000, 0x0000000092d00000| Untracked 
| 302|0x0000000092e00000, 0x0000000092e00000, 0x0000000092f00000|  0%| F|  |TAMS 0x0000000092e00000, 0x0000000092e00000| Untracked 
| 303|0x0000000092f00000, 0x0000000092f00000, 0x0000000093000000|  0%| F|  |TAMS 0x0000000092f00000, 0x0000000092f00000| Untracked 
| 304|0x0000000093000000, 0x0000000093000000, 0x0000000093100000|  0%| F|  |TAMS 0x0000000093000000, 0x0000000093000000| Untracked 
| 305|0x0000000093100000, 0x0000000093100000, 0x0000000093200000|  0%| F|  |TAMS 0x0000000093100000, 0x0000000093100000| Untracked 
| 306|0x0000000093200000, 0x0000000093200000, 0x0000000093300000|  0%| F|  |TAMS 0x0000000093200000, 0x0000000093200000| Untracked 
| 307|0x0000000093300000, 0x0000000093300000, 0x0000000093400000|  0%| F|  |TAMS 0x0000000093300000, 0x0000000093300000| Untracked 
| 308|0x0000000093400000, 0x0000000093400000, 0x0000000093500000|  0%| F|  |TAMS 0x0000000093400000, 0x0000000093400000| Untracked 
| 309|0x0000000093500000, 0x0000000093500000, 0x0000000093600000|  0%| F|  |TAMS 0x0000000093500000, 0x0000000093500000| Untracked 
| 310|0x0000000093600000, 0x0000000093600000, 0x0000000093700000|  0%| F|  |TAMS 0x0000000093600000, 0x0000000093600000| Untracked 
| 311|0x0000000093700000, 0x0000000093700000, 0x0000000093800000|  0%| F|  |TAMS 0x0000000093700000, 0x0000000093700000| Untracked 
| 312|0x0000000093800000, 0x0000000093800000, 0x0000000093900000|  0%| F|  |TAMS 0x0000000093800000, 0x0000000093800000| Untracked 
| 313|0x0000000093900000, 0x0000000093900000, 0x0000000093a00000|  0%| F|  |TAMS 0x0000000093900000, 0x0000000093900000| Untracked 
| 314|0x0000000093a00000, 0x0000000093a00000, 0x0000000093b00000|  0%| F|  |TAMS 0x0000000093a00000, 0x0000000093a00000| Untracked 
| 315|0x0000000093b00000, 0x0000000093b00000, 0x0000000093c00000|  0%| F|  |TAMS 0x0000000093b00000, 0x0000000093b00000| Untracked 
| 316|0x0000000093c00000, 0x0000000093c00000, 0x0000000093d00000|  0%| F|  |TAMS 0x0000000093c00000, 0x0000000093c00000| Untracked 
| 317|0x0000000093d00000, 0x0000000093d00000, 0x0000000093e00000|  0%| F|  |TAMS 0x0000000093d00000, 0x0000000093d00000| Untracked 
| 318|0x0000000093e00000, 0x0000000093e00000, 0x0000000093f00000|  0%| F|  |TAMS 0x0000000093e00000, 0x0000000093e00000| Untracked 
| 319|0x0000000093f00000, 0x0000000093f00000, 0x0000000094000000|  0%| F|  |TAMS 0x0000000093f00000, 0x0000000093f00000| Untracked 
| 320|0x0000000094000000, 0x0000000094000000, 0x0000000094100000|  0%| F|  |TAMS 0x0000000094000000, 0x0000000094000000| Untracked 
| 321|0x0000000094100000, 0x0000000094100000, 0x0000000094200000|  0%| F|  |TAMS 0x0000000094100000, 0x0000000094100000| Untracked 
| 322|0x0000000094200000, 0x0000000094200000, 0x0000000094300000|  0%| F|  |TAMS 0x0000000094200000, 0x0000000094200000| Untracked 
| 323|0x0000000094300000, 0x0000000094300000, 0x0000000094400000|  0%| F|  |TAMS 0x0000000094300000, 0x0000000094300000| Untracked 
| 324|0x0000000094400000, 0x0000000094400000, 0x0000000094500000|  0%| F|  |TAMS 0x0000000094400000, 0x0000000094400000| Untracked 
| 325|0x0000000094500000, 0x0000000094500000, 0x0000000094600000|  0%| F|  |TAMS 0x0000000094500000, 0x0000000094500000| Untracked 
| 326|0x0000000094600000, 0x0000000094600000, 0x0000000094700000|  0%| F|  |TAMS 0x0000000094600000, 0x0000000094600000| Untracked 
| 327|0x0000000094700000, 0x0000000094700000, 0x0000000094800000|  0%| F|  |TAMS 0x0000000094700000, 0x0000000094700000| Untracked 
| 328|0x0000000094800000, 0x0000000094800000, 0x0000000094900000|  0%| F|  |TAMS 0x0000000094800000, 0x0000000094800000| Untracked 
| 329|0x0000000094900000, 0x0000000094900000, 0x0000000094a00000|  0%| F|  |TAMS 0x0000000094900000, 0x0000000094900000| Untracked 
| 330|0x0000000094a00000, 0x0000000094a00000, 0x0000000094b00000|  0%| F|  |TAMS 0x0000000094a00000, 0x0000000094a00000| Untracked 
| 331|0x0000000094b00000, 0x0000000094b00000, 0x0000000094c00000|  0%| F|  |TAMS 0x0000000094b00000, 0x0000000094b00000| Untracked 
| 332|0x0000000094c00000, 0x0000000094c00000, 0x0000000094d00000|  0%| F|  |TAMS 0x0000000094c00000, 0x0000000094c00000| Untracked 
| 333|0x0000000094d00000, 0x0000000094d00000, 0x0000000094e00000|  0%| F|  |TAMS 0x0000000094d00000, 0x0000000094d00000| Untracked 
| 334|0x0000000094e00000, 0x0000000094e00000, 0x0000000094f00000|  0%| F|  |TAMS 0x0000000094e00000, 0x0000000094e00000| Untracked 
| 335|0x0000000094f00000, 0x0000000094f00000, 0x0000000095000000|  0%| F|  |TAMS 0x0000000094f00000, 0x0000000094f00000| Untracked 
| 336|0x0000000095000000, 0x0000000095000000, 0x0000000095100000|  0%| F|  |TAMS 0x0000000095000000, 0x0000000095000000| Untracked 
| 337|0x0000000095100000, 0x0000000095101250, 0x0000000095200000|  0%| E|  |TAMS 0x0000000095100000, 0x0000000095100000| Complete 
| 338|0x0000000095200000, 0x0000000095300000, 0x0000000095300000|100%| E|CS|TAMS 0x0000000095200000, 0x0000000095200000| Complete 
| 339|0x0000000095300000, 0x0000000095400000, 0x0000000095400000|100%| E|CS|TAMS 0x0000000095300000, 0x0000000095300000| Complete 
| 340|0x0000000095400000, 0x0000000095500000, 0x0000000095500000|100%| E|CS|TAMS 0x0000000095400000, 0x0000000095400000| Complete 
| 341|0x0000000095500000, 0x0000000095600000, 0x0000000095600000|100%| E|CS|TAMS 0x0000000095500000, 0x0000000095500000| Complete 
| 342|0x0000000095600000, 0x0000000095700000, 0x0000000095700000|100%| E|CS|TAMS 0x0000000095600000, 0x0000000095600000| Complete 
| 343|0x0000000095700000, 0x0000000095800000, 0x0000000095800000|100%| E|CS|TAMS 0x0000000095700000, 0x0000000095700000| Complete 
| 344|0x0000000095800000, 0x0000000095900000, 0x0000000095900000|100%| E|CS|TAMS 0x0000000095800000, 0x0000000095800000| Complete 
| 345|0x0000000095900000, 0x0000000095a00000, 0x0000000095a00000|100%| E|CS|TAMS 0x0000000095900000, 0x0000000095900000| Complete 
| 346|0x0000000095a00000, 0x0000000095b00000, 0x0000000095b00000|100%| E|CS|TAMS 0x0000000095a00000, 0x0000000095a00000| Complete 
| 347|0x0000000095b00000, 0x0000000095c00000, 0x0000000095c00000|100%| E|CS|TAMS 0x0000000095b00000, 0x0000000095b00000| Complete 
| 348|0x0000000095c00000, 0x0000000095d00000, 0x0000000095d00000|100%| E|CS|TAMS 0x0000000095c00000, 0x0000000095c00000| Complete 
| 349|0x0000000095d00000, 0x0000000095e00000, 0x0000000095e00000|100%| E|CS|TAMS 0x0000000095d00000, 0x0000000095d00000| Complete 
| 350|0x0000000095e00000, 0x0000000095f00000, 0x0000000095f00000|100%| E|CS|TAMS 0x0000000095e00000, 0x0000000095e00000| Complete 
| 351|0x0000000095f00000, 0x0000000096000000, 0x0000000096000000|100%| E|CS|TAMS 0x0000000095f00000, 0x0000000095f00000| Complete 
| 352|0x0000000096000000, 0x0000000096100000, 0x0000000096100000|100%| E|CS|TAMS 0x0000000096000000, 0x0000000096000000| Complete 
| 353|0x0000000096100000, 0x0000000096200000, 0x0000000096200000|100%| E|CS|TAMS 0x0000000096100000, 0x0000000096100000| Complete 
| 354|0x0000000096200000, 0x0000000096300000, 0x0000000096300000|100%| E|CS|TAMS 0x0000000096200000, 0x0000000096200000| Complete 
| 355|0x0000000096300000, 0x0000000096400000, 0x0000000096400000|100%| E|CS|TAMS 0x0000000096300000, 0x0000000096300000| Complete 
| 356|0x0000000096400000, 0x0000000096500000, 0x0000000096500000|100%| E|CS|TAMS 0x0000000096400000, 0x0000000096400000| Complete 
| 357|0x0000000096500000, 0x0000000096600000, 0x0000000096600000|100%| E|CS|TAMS 0x0000000096500000, 0x0000000096500000| Complete 
| 358|0x0000000096600000, 0x0000000096700000, 0x0000000096700000|100%| E|CS|TAMS 0x0000000096600000, 0x0000000096600000| Complete 
| 359|0x0000000096700000, 0x0000000096800000, 0x0000000096800000|100%| E|CS|TAMS 0x0000000096700000, 0x0000000096700000| Complete 
| 360|0x0000000096800000, 0x0000000096900000, 0x0000000096900000|100%| E|CS|TAMS 0x0000000096800000, 0x0000000096800000| Complete 
| 361|0x0000000096900000, 0x0000000096a00000, 0x0000000096a00000|100%| E|CS|TAMS 0x0000000096900000, 0x0000000096900000| Complete 
| 362|0x0000000096a00000, 0x0000000096b00000, 0x0000000096b00000|100%| E|CS|TAMS 0x0000000096a00000, 0x0000000096a00000| Complete 
| 363|0x0000000096b00000, 0x0000000096c00000, 0x0000000096c00000|100%| S|CS|TAMS 0x0000000096b00000, 0x0000000096b00000| Complete 
| 364|0x0000000096c00000, 0x0000000096d00000, 0x0000000096d00000|100%| E|CS|TAMS 0x0000000096c00000, 0x0000000096c00000| Complete 
| 365|0x0000000096d00000, 0x0000000096e00000, 0x0000000096e00000|100%| E|CS|TAMS 0x0000000096d00000, 0x0000000096d00000| Complete 
| 366|0x0000000096e00000, 0x0000000096f00000, 0x0000000096f00000|100%| E|CS|TAMS 0x0000000096e00000, 0x0000000096e00000| Complete 
| 367|0x0000000096f00000, 0x0000000097000000, 0x0000000097000000|100%| E|CS|TAMS 0x0000000096f00000, 0x0000000096f00000| Complete 
| 368|0x0000000097000000, 0x0000000097100000, 0x0000000097100000|100%| E|CS|TAMS 0x0000000097000000, 0x0000000097000000| Complete 
| 369|0x0000000097100000, 0x0000000097200000, 0x0000000097200000|100%| E|CS|TAMS 0x0000000097100000, 0x0000000097100000| Complete 
| 370|0x0000000097200000, 0x0000000097300000, 0x0000000097300000|100%| E|CS|TAMS 0x0000000097200000, 0x0000000097200000| Complete 
| 371|0x0000000097300000, 0x0000000097400000, 0x0000000097400000|100%| E|CS|TAMS 0x0000000097300000, 0x0000000097300000| Complete 
| 372|0x0000000097400000, 0x0000000097500000, 0x0000000097500000|100%| E|CS|TAMS 0x0000000097400000, 0x0000000097400000| Complete 
| 373|0x0000000097500000, 0x00000000975ffff8, 0x0000000097600000| 99%| E|CS|TAMS 0x0000000097500000, 0x0000000097500000| Complete 
| 374|0x0000000097600000, 0x0000000097700000, 0x0000000097700000|100%| E|CS|TAMS 0x0000000097600000, 0x0000000097600000| Complete 
| 375|0x0000000097700000, 0x0000000097800000, 0x0000000097800000|100%| E|CS|TAMS 0x0000000097700000, 0x0000000097700000| Complete 
| 376|0x0000000097800000, 0x0000000097900000, 0x0000000097900000|100%| E|CS|TAMS 0x0000000097800000, 0x0000000097800000| Complete 
| 377|0x0000000097900000, 0x0000000097a00000, 0x0000000097a00000|100%| E|CS|TAMS 0x0000000097900000, 0x0000000097900000| Complete 
| 378|0x0000000097a00000, 0x0000000097b00000, 0x0000000097b00000|100%| E|CS|TAMS 0x0000000097a00000, 0x0000000097a00000| Complete 
| 379|0x0000000097b00000, 0x0000000097c00000, 0x0000000097c00000|100%| E|CS|TAMS 0x0000000097b00000, 0x0000000097b00000| Complete 
| 380|0x0000000097c00000, 0x0000000097d00000, 0x0000000097d00000|100%| E|CS|TAMS 0x0000000097c00000, 0x0000000097c00000| Complete 
| 381|0x0000000097d00000, 0x0000000097e00000, 0x0000000097e00000|100%| E|CS|TAMS 0x0000000097d00000, 0x0000000097d00000| Complete 
| 382|0x0000000097e00000, 0x0000000097f00000, 0x0000000097f00000|100%| E|CS|TAMS 0x0000000097e00000, 0x0000000097e00000| Complete 
| 383|0x0000000097f00000, 0x0000000098000000, 0x0000000098000000|100%| E|CS|TAMS 0x0000000097f00000, 0x0000000097f00000| Complete 
| 384|0x0000000098000000, 0x0000000098100000, 0x0000000098100000|100%| E|CS|TAMS 0x0000000098000000, 0x0000000098000000| Complete 
| 385|0x0000000098100000, 0x0000000098200000, 0x0000000098200000|100%| E|CS|TAMS 0x0000000098100000, 0x0000000098100000| Complete 
| 386|0x0000000098200000, 0x0000000098300000, 0x0000000098300000|100%| E|CS|TAMS 0x0000000098200000, 0x0000000098200000| Complete 
| 387|0x0000000098300000, 0x0000000098400000, 0x0000000098400000|100%| E|CS|TAMS 0x0000000098300000, 0x0000000098300000| Complete 
| 388|0x0000000098400000, 0x0000000098500000, 0x0000000098500000|100%| E|CS|TAMS 0x0000000098400000, 0x0000000098400000| Complete 
| 389|0x0000000098500000, 0x0000000098600000, 0x0000000098600000|100%| E|CS|TAMS 0x0000000098500000, 0x0000000098500000| Complete 
| 390|0x0000000098600000, 0x0000000098700000, 0x0000000098700000|100%| E|  |TAMS 0x0000000098600000, 0x0000000098600000| Complete 

Card table byte_map: [0x000001bfb8fc0000,0x000001bfb93c0000] _byte_map_base: 0x000001bfb8bc0000

Marking Bits (Prev, Next): (CMBitMap*) 0x000001bfa6115e50, (CMBitMap*) 0x000001bfa6115e18
 Prev Bits: [0x000001bfbb7c0000, 0x000001bfbd7c0000)
 Next Bits: [0x000001bfb97c0000, 0x000001bfbb7c0000)

Polling page: 0x000001bfa3f80000

Metaspace:

Usage:
  Non-class:    107.60 MB capacity,   105.34 MB ( 98%) used,     1.80 MB (  2%) free+waste,   466.25 KB ( <1%) overhead. 
      Class:     16.18 MB capacity,    14.83 MB ( 92%) used,     1.15 MB (  7%) free+waste,   200.38 KB (  1%) overhead. 
       Both:    123.77 MB capacity,   120.17 MB ( 97%) used,     2.95 MB (  2%) free+waste,   666.63 KB ( <1%) overhead. 

Virtual space:
  Non-class space:      108.00 MB reserved,     107.75 MB (>99%) committed 
      Class space:        1.00 GB reserved,      16.20 MB (  2%) committed 
             Both:        1.11 GB reserved,     123.95 MB ( 11%) committed 

Chunk freelists:
   Non-Class:  29.00 KB
       Class:  12.00 KB
        Both:  41.00 KB

MaxMetaspaceSize: 17179869184.00 GB
CompressedClassSpaceSize: 1.00 GB

CodeHeap 'non-profiled nmethods': size=120064Kb used=23239Kb max_used=23239Kb free=96824Kb
 bounds [0x000001bfb1680000, 0x000001bfb2d40000, 0x000001bfb8bc0000]
CodeHeap 'profiled nmethods': size=120000Kb used=50776Kb max_used=50776Kb free=69223Kb
 bounds [0x000001bfaa150000, 0x000001bfad330000, 0x000001bfb1680000]
CodeHeap 'non-nmethods': size=5696Kb used=2355Kb max_used=2431Kb free=3340Kb
 bounds [0x000001bfa9bc0000, 0x000001bfa9e40000, 0x000001bfaa150000]
 total_blobs=24195 nmethods=23223 adapters=879
 compilation: enabled
              stopped_count=0, restarted_count=0
 full_count=0

Compilation events (20 events):
Event: 3550.721 Thread 0x000001bfbfce6800 nmethod 29190 0x000001bfad31d590 code [0x000001bfad31d760, 0x000001bfad31dd08]
Event: 3550.721 Thread 0x000001bfbfce6800 29191       3       org.gradle.api.internal.artifacts.ivyservice.ivyresolve.verification.DependencyVerificationOverride::artifactsAccessed (1 bytes)
Event: 3550.721 Thread 0x000001bfbfce6800 nmethod 29191 0x000001bfacba8210 code [0x000001bfacba83c0, 0x000001bfacba84b8]
Event: 3550.724 Thread 0x000001bfbfce6800 29192       3       org.gradle.api.internal.artifacts.ivyservice.DefaultLenientConfiguration::visitArtifacts (215 bytes)
Event: 3550.728 Thread 0x000001bfbfce6800 nmethod 29192 0x000001bfad31de10 code [0x000001bfad31e280, 0x000001bfad320578]
Event: 3550.733 Thread 0x000001bfbfce6800 29194       3       com.android.build.gradle.internal.tasks.DexMergingTask_Decorated::toString (33 bytes)
Event: 3550.733 Thread 0x000001bfbfce6800 nmethod 29194 0x000001bfad321090 code [0x000001bfad3212a0, 0x000001bfad321858]
Event: 3550.750 Thread 0x000001bfc4a83800 nmethod 29187 0x000001bfb2d31190 code [0x000001bfb2d31420, 0x000001bfb2d32498]
Event: 3550.750 Thread 0x000001bfc4a83800 29188       4       org.gradle.api.internal.file.AbstractFileCollection::getFiles (23 bytes)
Event: 3550.756 Thread 0x000001bfc4a83800 nmethod 29188 0x000001bfb2d33390 code [0x000001bfb2d33540, 0x000001bfb2d337b8]
Event: 3550.756 Thread 0x000001bfc4a83800 29193       4       org.gradle.api.internal.provider.Providers$FixedValueProvider::withFinalValue (2 bytes)
Event: 3550.756 Thread 0x000001bfc4a83800 nmethod 29193 0x000001bfb2d33990 code [0x000001bfb2d33b20, 0x000001bfb2d33b78]
Event: 3550.783 Thread 0x000001bfc4a83800 29195       4       com.google.common.collect.Iterators::elementsEqual (62 bytes)
Event: 3550.790 Thread 0x000001bfbfce6800 29196       3       com.sun.org.apache.xerces.internal.impl.XMLEntityScanner::scanData (1158 bytes)
Event: 3550.796 Thread 0x000001bfbfce6800 nmethod 29196 0x000001bfad321a10 code [0x000001bfad321ea0, 0x000001bfad3242e8]
Event: 3550.852 Thread 0x000001bfc4a83800 nmethod 29195 0x000001bfb2d33c10 code [0x000001bfb2d33ec0, 0x000001bfb2d34f78]
Event: 3550.852 Thread 0x000001bfc4a83800 29198       4       com.sun.org.apache.xerces.internal.util.XMLAttributesImpl::addAttributeNS (169 bytes)
Event: 3550.857 Thread 0x000001bfbfce6800 29199       3       com.google.gson.stream.JsonWriter::value (24 bytes)
Event: 3550.857 Thread 0x000001bfbfce6800 nmethod 29199 0x000001bfad325290 code [0x000001bfad3254a0, 0x000001bfad325868]
Event: 3550.861 Thread 0x000001bfbfce6800 29200       3       com.android.build.gradle.internal.SdkComponentsBuildService::getSdkHandler (17 bytes)

GC Heap History (20 events):
Event: 3428.661 GC heap before
{Heap before GC invocations=142 (full 0):
 garbage-first heap   total 400384K, used 126883K [0x0000000080000000, 0x0000000100000000)
  region size 1024K, 36 young (36864K), 2 survivors (2048K)
 Metaspace       used 117340K, capacity 121071K, committed 121420K, reserved 1155072K
  class space    used 14735K, capacity 16101K, committed 16204K, reserved 1048576K
}
Event: 3428.684 GC heap after
{Heap after GC invocations=143 (full 0):
 garbage-first heap   total 400384K, used 96369K [0x0000000080000000, 0x0000000100000000)
  region size 1024K, 5 young (5120K), 5 survivors (5120K)
 Metaspace       used 117340K, capacity 121071K, committed 121420K, reserved 1155072K
  class space    used 14735K, capacity 16101K, committed 16204K, reserved 1048576K
}
Event: 3533.560 GC heap before
{Heap before GC invocations=144 (full 0):
 garbage-first heap   total 400384K, used 330865K [0x0000000080000000, 0x0000000100000000)
  region size 1024K, 206 young (210944K), 5 survivors (5120K)
 Metaspace       used 122833K, capacity 126604K, committed 126668K, reserved 1159168K
  class space    used 15189K, capacity 16563K, committed 16588K, reserved 1048576K
}
Event: 3533.577 GC heap after
{Heap after GC invocations=145 (full 0):
 garbage-first heap   total 400384K, used 96394K [0x0000000080000000, 0x0000000100000000)
  region size 1024K, 5 young (5120K), 5 survivors (5120K)
 Metaspace       used 122833K, capacity 126604K, committed 126668K, reserved 1159168K
  class space    used 15189K, capacity 16563K, committed 16588K, reserved 1048576K
}
Event: 3534.459 GC heap before
{Heap before GC invocations=145 (full 0):
 garbage-first heap   total 400384K, used 109706K [0x0000000080000000, 0x0000000100000000)
  region size 1024K, 19 young (19456K), 5 survivors (5120K)
 Metaspace       used 122881K, capacity 126605K, committed 126668K, reserved 1159168K
  class space    used 15189K, capacity 16563K, committed 16588K, reserved 1048576K
}
Event: 3534.476 GC heap after
{Heap after GC invocations=146 (full 0):
 garbage-first heap   total 400384K, used 92685K [0x0000000080000000, 0x0000000100000000)
  region size 1024K, 2 young (2048K), 2 survivors (2048K)
 Metaspace       used 122881K, capacity 126605K, committed 126668K, reserved 1159168K
  class space    used 15189K, capacity 16563K, committed 16588K, reserved 1048576K
}
Event: 3534.965 GC heap before
{Heap before GC invocations=146 (full 0):
 garbage-first heap   total 400384K, used 105997K [0x0000000080000000, 0x0000000100000000)
  region size 1024K, 16 young (16384K), 2 survivors (2048K)
 Metaspace       used 122897K, capacity 126669K, committed 126924K, reserved 1159168K
  class space    used 15189K, capacity 16563K, committed 16588K, reserved 1048576K
}
Event: 3534.976 GC heap after
{Heap after GC invocations=147 (full 0):
 garbage-first heap   total 400384K, used 93091K [0x0000000080000000, 0x0000000100000000)
  region size 1024K, 2 young (2048K), 2 survivors (2048K)
 Metaspace       used 122897K, capacity 126669K, committed 126924K, reserved 1159168K
  class space    used 15189K, capacity 16563K, committed 16588K, reserved 1048576K
}
Event: 3536.127 GC heap before
{Heap before GC invocations=148 (full 0):
 garbage-first heap   total 400384K, used 281507K [0x0000000080000000, 0x0000000100000000)
  region size 1024K, 175 young (179200K), 2 survivors (2048K)
 Metaspace       used 122923K, capacity 126671K, committed 126924K, reserved 1159168K
  class space    used 15189K, capacity 16563K, committed 16588K, reserved 1048576K
}
Event: 3536.252 GC heap after
{Heap after GC invocations=149 (full 0):
 garbage-first heap   total 400384K, used 145741K [0x0000000080000000, 0x0000000100000000)
  region size 1024K, 22 young (22528K), 22 survivors (22528K)
 Metaspace       used 122923K, capacity 126671K, committed 126924K, reserved 1159168K
  class space    used 15189K, capacity 16563K, committed 16588K, reserved 1048576K
}
Event: 3536.288 GC heap before
{Heap before GC invocations=149 (full 0):
 garbage-first heap   total 400384K, used 146765K [0x0000000080000000, 0x0000000100000000)
  region size 1024K, 23 young (23552K), 22 survivors (22528K)
 Metaspace       used 122923K, capacity 126671K, committed 126924K, reserved 1159168K
  class space    used 15189K, capacity 16563K, committed 16588K, reserved 1048576K
}
Event: 3536.361 GC heap after
{Heap after GC invocations=150 (full 0):
 garbage-first heap   total 400384K, used 145920K [0x0000000080000000, 0x0000000100000000)
  region size 1024K, 1 young (1024K), 1 survivors (1024K)
 Metaspace       used 122923K, capacity 126671K, committed 126924K, reserved 1159168K
  class space    used 15189K, capacity 16563K, committed 16588K, reserved 1048576K
}
Event: 3536.740 GC heap before
{Heap before GC invocations=150 (full 0):
 garbage-first heap   total 400384K, used 179712K [0x0000000080000000, 0x0000000100000000)
  region size 1024K, 36 young (36864K), 1 survivors (1024K)
 Metaspace       used 122923K, capacity 126671K, committed 126924K, reserved 1159168K
  class space    used 15189K, capacity 16563K, committed 16588K, reserved 1048576K
}
Event: 3536.756 GC heap after
{Heap after GC invocations=151 (full 0):
 garbage-first heap   total 400384K, used 150253K [0x0000000080000000, 0x0000000100000000)
  region size 1024K, 5 young (5120K), 5 survivors (5120K)
 Metaspace       used 122923K, capacity 126671K, committed 126924K, reserved 1159168K
  class space    used 15189K, capacity 16563K, committed 16588K, reserved 1048576K
}
Event: 3539.290 GC heap before
{Heap before GC invocations=152 (full 0):
 garbage-first heap   total 400384K, used 311021K [0x0000000080000000, 0x0000000100000000)
  region size 1024K, 144 young (147456K), 5 survivors (5120K)
 Metaspace       used 122950K, capacity 126672K, committed 126924K, reserved 1159168K
  class space    used 15189K, capacity 16563K, committed 16588K, reserved 1048576K
}
Event: 3539.342 GC heap after
{Heap after GC invocations=153 (full 0):
 garbage-first heap   total 400384K, used 180697K [0x0000000080000000, 0x0000000100000000)
  region size 1024K, 18 young (18432K), 18 survivors (18432K)
 Metaspace       used 122950K, capacity 126672K, committed 126924K, reserved 1159168K
  class space    used 15189K, capacity 16563K, committed 16588K, reserved 1048576K
}
Event: 3539.347 GC heap before
{Heap before GC invocations=153 (full 0):
 garbage-first heap   total 400384K, used 181721K [0x0000000080000000, 0x0000000100000000)
  region size 1024K, 19 young (19456K), 18 survivors (18432K)
 Metaspace       used 122950K, capacity 126672K, committed 126924K, reserved 1159168K
  class space    used 15189K, capacity 16563K, committed 16588K, reserved 1048576K
}
Event: 3539.395 GC heap after
{Heap after GC invocations=154 (full 0):
 garbage-first heap   total 400384K, used 179929K [0x0000000080000000, 0x0000000100000000)
  region size 1024K, 1 young (1024K), 1 survivors (1024K)
 Metaspace       used 122950K, capacity 126672K, committed 126924K, reserved 1159168K
  class space    used 15189K, capacity 16563K, committed 16588K, reserved 1048576K
}
Event: 3540.789 GC heap before
{Heap before GC invocations=154 (full 0):
 garbage-first heap   total 400384K, used 204505K [0x0000000080000000, 0x0000000100000000)
  region size 1024K, 27 young (27648K), 1 survivors (1024K)
 Metaspace       used 122955K, capacity 126672K, committed 126924K, reserved 1159168K
  class space    used 15189K, capacity 16563K, committed 16588K, reserved 1048576K
}
Event: 3540.801 GC heap after
{Heap after GC invocations=155 (full 0):
 garbage-first heap   total 400384K, used 179978K [0x0000000080000000, 0x0000000100000000)
  region size 1024K, 1 young (1024K), 1 survivors (1024K)
 Metaspace       used 122955K, capacity 126672K, committed 126924K, reserved 1159168K
  class space    used 15189K, capacity 16563K, committed 16588K, reserved 1048576K
}

Deoptimization events (20 events):
Event: 3541.478 Thread 0x000001bfc4a81000 DEOPT PACKING pc=0x000001bfaa2232bc sp=0x00000016ba0fcfd0
Event: 3541.478 Thread 0x000001bfc4a81000 DEOPT UNPACKING pc=0x000001bfa9be764e sp=0x00000016ba0fc458 mode 0
Event: 3541.479 Thread 0x000001bfc4a81000 DEOPT PACKING pc=0x000001bfac0ce3bf sp=0x00000016ba0fcf70
Event: 3541.479 Thread 0x000001bfc4a81000 DEOPT UNPACKING pc=0x000001bfa9be764e sp=0x00000016ba0fc3f0 mode 0
Event: 3541.479 Thread 0x000001bfc4a81000 DEOPT PACKING pc=0x000001bfaa2232bc sp=0x00000016ba0fcf80
Event: 3541.479 Thread 0x000001bfc4a81000 DEOPT UNPACKING pc=0x000001bfa9be764e sp=0x00000016ba0fc3f8 mode 0
Event: 3541.480 Thread 0x000001bfc4a81000 DEOPT PACKING pc=0x000001bfaa2232bc sp=0x00000016ba0fcfd0
Event: 3541.480 Thread 0x000001bfc4a81000 DEOPT UNPACKING pc=0x000001bfa9be764e sp=0x00000016ba0fc458 mode 0
Event: 3541.480 Thread 0x000001bfc4a81000 DEOPT PACKING pc=0x000001bfac0ce3bf sp=0x00000016ba0fcf90
Event: 3541.480 Thread 0x000001bfc4a81000 DEOPT UNPACKING pc=0x000001bfa9be764e sp=0x00000016ba0fc410 mode 0
Event: 3541.480 Thread 0x000001bfc4a81000 DEOPT PACKING pc=0x000001bfaa2232bc sp=0x00000016ba0fcf80
Event: 3541.480 Thread 0x000001bfc4a81000 DEOPT UNPACKING pc=0x000001bfa9be764e sp=0x00000016ba0fc3f8 mode 0
Event: 3541.480 Thread 0x000001bfc4a81000 DEOPT PACKING pc=0x000001bfaa2232bc sp=0x00000016ba0fcf30
Event: 3541.480 Thread 0x000001bfc4a81000 DEOPT UNPACKING pc=0x000001bfa9be764e sp=0x00000016ba0fc3b8 mode 0
Event: 3546.996 Thread 0x000001bfc9df7000 Uncommon trap: trap_request=0xffffffcc fr.pc=0x000001bfb2cb753c relative=0x000000000000011c
Event: 3546.996 Thread 0x000001bfc9df7000 Uncommon trap: reason=intrinsic_or_type_checked_inlining action=make_not_entrant pc=0x000001bfb2cb753c method=com.google.common.collect.RegularImmutableList.copyIntoArray([Ljava/lang/Object;I)I @ 11 c2
Event: 3546.996 Thread 0x000001bfc9df7000 DEOPT PACKING pc=0x000001bfb2cb753c sp=0x00000016b7bf9080
Event: 3546.996 Thread 0x000001bfc9df7000 DEOPT UNPACKING pc=0x000001bfa9be782f sp=0x00000016b7bf9018 mode 2
Event: 3548.728 Thread 0x000001bfc9df7000 DEOPT PACKING pc=0x000001bfaad2b32b sp=0x00000016b7bfbc00
Event: 3548.728 Thread 0x000001bfc9df7000 DEOPT UNPACKING pc=0x000001bfa9be764e sp=0x00000016b7bfb098 mode 0

Classes redefined (0 events):
No events

Internal exceptions (20 events):
Event: 3535.696 Thread 0x000001bfc4a7c800 Exception <a 'sun/nio/fs/WindowsException'{0x0000000092058030}> (0x0000000092058030) thrown at [./src/hotspot/share/prims/jni.cpp, line 615]
Event: 3535.698 Thread 0x000001bfc4a7c800 Exception <a 'sun/nio/fs/WindowsException'{0x0000000092063fd0}> (0x0000000092063fd0) thrown at [./src/hotspot/share/prims/jni.cpp, line 615]
Event: 3537.848 Thread 0x000001bfc4a81000 Exception <a 'sun/nio/fs/WindowsException'{0x00000000966e3d50}> (0x00000000966e3d50) thrown at [./src/hotspot/share/prims/jni.cpp, line 615]
Event: 3537.907 Thread 0x000001bfc4a80800 Exception <a 'sun/nio/fs/WindowsException'{0x00000000958ca2a0}> (0x00000000958ca2a0) thrown at [./src/hotspot/share/prims/jni.cpp, line 615]
Event: 3537.915 Thread 0x000001bfc4a80800 Exception <a 'sun/nio/fs/WindowsException'{0x00000000955cb900}> (0x00000000955cb900) thrown at [./src/hotspot/share/prims/jni.cpp, line 615]
Event: 3538.006 Thread 0x000001bfc4a80800 Exception <a 'sun/nio/fs/WindowsException'{0x0000000094ec4078}> (0x0000000094ec4078) thrown at [./src/hotspot/share/prims/jni.cpp, line 615]
Event: 3538.011 Thread 0x000001bfc4a80800 Exception <a 'sun/nio/fs/WindowsException'{0x0000000094d67448}> (0x0000000094d67448) thrown at [./src/hotspot/share/prims/jni.cpp, line 615]
Event: 3538.185 Thread 0x000001bfc4a81000 Exception <a 'sun/nio/fs/WindowsException'{0x00000000940ea5e0}> (0x00000000940ea5e0) thrown at [./src/hotspot/share/prims/jni.cpp, line 615]
Event: 3540.474 Thread 0x000001bfc4a7e000 Exception <a 'sun/nio/fs/WindowsException'{0x00000000970b2238}> (0x00000000970b2238) thrown at [./src/hotspot/share/prims/jni.cpp, line 615]
Event: 3540.626 Thread 0x000001bfc4a7a800 Exception <a 'sun/nio/fs/WindowsException'{0x0000000096eaf9e0}> (0x0000000096eaf9e0) thrown at [./src/hotspot/share/prims/jni.cpp, line 615]
Event: 3540.626 Thread 0x000001bfc4a7a800 Exception <a 'sun/nio/fs/WindowsException'{0x0000000096eb0880}> (0x0000000096eb0880) thrown at [./src/hotspot/share/prims/jni.cpp, line 615]
Event: 3540.778 Thread 0x000001bfc4a81000 Exception <a 'sun/nio/fs/WindowsException'{0x0000000096db4c00}> (0x0000000096db4c00) thrown at [./src/hotspot/share/prims/jni.cpp, line 615]
Event: 3540.778 Thread 0x000001bfc4a81000 Exception <a 'sun/nio/fs/WindowsException'{0x0000000096db4c80}> (0x0000000096db4c80) thrown at [./src/hotspot/share/prims/jni.cpp, line 615]
Event: 3547.186 Thread 0x000001bfc9df7000 Exception <a 'sun/nio/fs/WindowsException'{0x0000000096fd6230}> (0x0000000096fd6230) thrown at [./src/hotspot/share/prims/jni.cpp, line 615]
Event: 3548.047 Thread 0x000001bfc9df7000 Exception <a 'java/lang/NoClassDefFoundError'{0x0000000096c91a58}: org/jetbrains/kotlin/gradle/plugin/KotlinBasePluginWrapper> (0x0000000096c91a58) thrown at [./src/hotspot/share/oops/constantPool.cpp, line 775]
Event: 3548.541 Thread 0x000001bfc9df7000 Exception <a 'sun/nio/fs/WindowsException'{0x00000000969ccda8}> (0x00000000969ccda8) thrown at [./src/hotspot/share/prims/jni.cpp, line 615]
Event: 3548.564 Thread 0x000001bfc9df7000 Exception <a 'sun/nio/fs/WindowsException'{0x0000000096869990}> (0x0000000096869990) thrown at [./src/hotspot/share/prims/jni.cpp, line 615]
Event: 3548.564 Thread 0x000001bfc9df7000 Exception <a 'sun/nio/fs/WindowsException'{0x000000009686aa90}> (0x000000009686aa90) thrown at [./src/hotspot/share/prims/jni.cpp, line 615]
Event: 3548.564 Thread 0x000001bfc9df7000 Exception <a 'sun/nio/fs/WindowsException'{0x000000009686bbe0}> (0x000000009686bbe0) thrown at [./src/hotspot/share/prims/jni.cpp, line 615]
Event: 3548.565 Thread 0x000001bfc9df7000 Exception <a 'sun/nio/fs/WindowsException'{0x000000009686cd30}> (0x000000009686cd30) thrown at [./src/hotspot/share/prims/jni.cpp, line 615]

Events (20 events):
Event: 3550.719 Executing VM operation: RevokeBias
Event: 3550.719 Executing VM operation: RevokeBias done
Event: 3550.719 Executing VM operation: RevokeBias
Event: 3550.719 Executing VM operation: RevokeBias done
Event: 3550.844 Executing VM operation: RevokeBias
Event: 3550.849 Executing VM operation: RevokeBias done
Event: 3550.849 Executing VM operation: RevokeBias
Event: 3550.850 Executing VM operation: RevokeBias done
Event: 3550.850 Executing VM operation: RevokeBias
Event: 3550.851 Executing VM operation: RevokeBias done
Event: 3550.851 Thread 0x000001bfc9df8800 Thread exited: 0x000001bfc9df8800
Event: 3550.852 Thread 0x000001bfc9df8000 Thread exited: 0x000001bfc9df8000
Event: 3550.853 Executing VM operation: RevokeBias
Event: 3550.853 Executing VM operation: RevokeBias done
Event: 3550.860 Thread 0x000001bfc9df3000 Thread exited: 0x000001bfc9df3000
Event: 3550.860 Executing VM operation: RevokeBias
Event: 3550.860 Executing VM operation: RevokeBias done
Event: 3550.860 Thread 0x000001bfc4a84800 Thread exited: 0x000001bfc4a84800
Event: 3550.860 Executing VM operation: RevokeBias
Event: 3550.860 Executing VM operation: RevokeBias done


Dynamic libraries:
0x00007ff6e9220000 - 0x00007ff6e922a000 	C:\Program Files\Android\Android Studio\jre\bin\java.exe
0x00007ff935770000 - 0x00007ff935965000 	C:\WINDOWS\SYSTEM32\ntdll.dll
0x00007ff90a320000 - 0x00007ff90a336000 	C:\Program Files\Avast Software\Avast\aswhook.dll
0x00007ff934480000 - 0x00007ff93453e000 	C:\WINDOWS\System32\KERNEL32.DLL
0x00007ff932e80000 - 0x00007ff933148000 	C:\WINDOWS\System32\KERNELBASE.dll
0x00007ff9334b0000 - 0x00007ff9335b0000 	C:\WINDOWS\System32\ucrtbase.dll
0x00007ff929300000 - 0x00007ff929317000 	C:\Program Files\Android\Android Studio\jre\bin\VCRUNTIME140.dll
0x00007ff9292e0000 - 0x00007ff9292f9000 	C:\Program Files\Android\Android Studio\jre\bin\jli.dll
0x00007ff934170000 - 0x00007ff934311000 	C:\WINDOWS\System32\USER32.dll
0x00007ff933480000 - 0x00007ff9334a2000 	C:\WINDOWS\System32\win32u.dll
0x00007ff924b50000 - 0x00007ff924dea000 	C:\WINDOWS\WinSxS\amd64_microsoft.windows.common-controls_6595b64144ccf1df_6.0.19041.1110_none_60b5254171f9507e\COMCTL32.dll
0x00007ff935580000 - 0x00007ff9355ab000 	C:\WINDOWS\System32\GDI32.dll
0x00007ff9338d0000 - 0x00007ff93396e000 	C:\WINDOWS\System32\msvcrt.dll
0x00007ff933150000 - 0x00007ff93325d000 	C:\WINDOWS\System32\gdi32full.dll
0x00007ff933710000 - 0x00007ff9337ad000 	C:\WINDOWS\System32\msvcp_win.dll
0x00007ff934320000 - 0x00007ff934350000 	C:\WINDOWS\System32\IMM32.DLL
0x00007ff91b6e0000 - 0x00007ff91b77d000 	C:\Program Files\Android\Android Studio\jre\bin\msvcp140.dll
0x00007ff901fb0000 - 0x00007ff902a7f000 	C:\Program Files\Android\Android Studio\jre\bin\server\jvm.dll
0x00007ff934cf0000 - 0x00007ff934d9c000 	C:\WINDOWS\System32\ADVAPI32.dll
0x00007ff9337b0000 - 0x00007ff93384b000 	C:\WINDOWS\System32\sechost.dll
0x00007ff933970000 - 0x00007ff933a9a000 	C:\WINDOWS\System32\RPCRT4.dll
0x00007ff934f50000 - 0x00007ff934f58000 	C:\WINDOWS\System32\PSAPI.DLL
0x00007ff921ab0000 - 0x00007ff921ab9000 	C:\WINDOWS\SYSTEM32\WSOCK32.dll
0x00007ff924aa0000 - 0x00007ff924ac7000 	C:\WINDOWS\SYSTEM32\WINMM.dll
0x00007ff935660000 - 0x00007ff9356cb000 	C:\WINDOWS\System32\WS2_32.dll
0x00007ff92c980000 - 0x00007ff92c98a000 	C:\WINDOWS\SYSTEM32\VERSION.dll
0x00007ff930d70000 - 0x00007ff930d82000 	C:\WINDOWS\SYSTEM32\kernel.appcore.dll
0x00007ff92e060000 - 0x00007ff92e071000 	C:\Program Files\Android\Android Studio\jre\bin\verify.dll
0x00007ff929480000 - 0x00007ff929664000 	C:\WINDOWS\SYSTEM32\DBGHELP.DLL
0x00007ff9293a0000 - 0x00007ff9293cc000 	C:\WINDOWS\SYSTEM32\dbgcore.DLL
0x00007ff9333f0000 - 0x00007ff933472000 	C:\WINDOWS\System32\bcryptPrimitives.dll
0x00007ff92ddb0000 - 0x00007ff92ddd9000 	C:\Program Files\Android\Android Studio\jre\bin\java.dll
0x00007ff92dda0000 - 0x00007ff92ddab000 	C:\Program Files\Android\Android Studio\jre\bin\jimage.dll
0x00007ff92dd80000 - 0x00007ff92dd98000 	C:\Program Files\Android\Android Studio\jre\bin\zip.dll
0x00007ff934540000 - 0x00007ff934c84000 	C:\WINDOWS\System32\SHELL32.dll
0x00007ff930f70000 - 0x00007ff931704000 	C:\WINDOWS\SYSTEM32\windows.storage.dll
0x00007ff935220000 - 0x00007ff935575000 	C:\WINDOWS\System32\combase.dll
0x00007ff932800000 - 0x00007ff93282e000 	C:\WINDOWS\SYSTEM32\Wldp.dll
0x00007ff935050000 - 0x00007ff9350fd000 	C:\WINDOWS\System32\SHCORE.dll
0x00007ff933850000 - 0x00007ff9338a5000 	C:\WINDOWS\System32\shlwapi.dll
0x00007ff932dc0000 - 0x00007ff932ddf000 	C:\WINDOWS\SYSTEM32\profapi.dll
0x00007ff92dd60000 - 0x00007ff92dd7a000 	C:\Program Files\Android\Android Studio\jre\bin\net.dll
0x00007ff925980000 - 0x00007ff925a8c000 	C:\WINDOWS\SYSTEM32\WINHTTP.dll
0x00007ff932560000 - 0x00007ff9325ca000 	C:\WINDOWS\system32\mswsock.dll
0x00007ff92dd40000 - 0x00007ff92dd54000 	C:\Program Files\Android\Android Studio\jre\bin\nio.dll
0x00007ff915540000 - 0x00007ff915567000 	C:\Users\Eddo Yulianda\.gradle\native\8bec1ad78214c89d9ad589b4d07fe93259594b29d510b10fafb7a158f7737e5d\windows-amd64\native-platform.dll
0x00007ff900700000 - 0x00007ff90083d000 	C:\Users\Eddo Yulianda\.gradle\native\53dbd7edfb1c66fb8903c78663c9afc45aea4f116125fa6feffd364cf09443e8\windows-amd64\native-platform-file-events.dll
0x00007ff92dd30000 - 0x00007ff92dd3a000 	C:\Program Files\Android\Android Studio\jre\bin\management.dll
0x00007ff92dd20000 - 0x00007ff92dd2c000 	C:\Program Files\Android\Android Studio\jre\bin\management_ext.dll
0x00007ff932750000 - 0x00007ff932768000 	C:\WINDOWS\SYSTEM32\CRYPTSP.dll
0x00007ff931ee0000 - 0x00007ff931f14000 	C:\WINDOWS\system32\rsaenh.dll
0x00007ff9333c0000 - 0x00007ff9333e7000 	C:\WINDOWS\System32\bcrypt.dll
0x00007ff932d80000 - 0x00007ff932dae000 	C:\WINDOWS\SYSTEM32\USERENV.dll
0x00007ff932770000 - 0x00007ff93277c000 	C:\WINDOWS\SYSTEM32\CRYPTBASE.dll
0x00007ff932250000 - 0x00007ff93228b000 	C:\WINDOWS\SYSTEM32\IPHLPAPI.DLL
0x00007ff935040000 - 0x00007ff935048000 	C:\WINDOWS\System32\NSI.dll
0x00007ff928100000 - 0x00007ff928117000 	C:\WINDOWS\SYSTEM32\dhcpcsvc6.DLL
0x00007ff929840000 - 0x00007ff92985d000 	C:\WINDOWS\SYSTEM32\dhcpcsvc.DLL
0x00007ff932290000 - 0x00007ff93235b000 	C:\WINDOWS\SYSTEM32\DNSAPI.dll

dbghelp: loaded successfully - version: 4.0.5 - missing functions: none
symbol engine: initialized successfully - sym options: 0x614 - pdb path: .;C:\Program Files\Android\Android Studio\jre\bin;C:\WINDOWS\SYSTEM32;C:\Program Files\Avast Software\Avast;C:\WINDOWS\WinSxS\amd64_microsoft.windows.common-controls_6595b64144ccf1df_6.0.19041.1110_none_60b5254171f9507e;C:\Program Files\Android\Android Studio\jre\bin\server;C:\Users\Eddo Yulianda\.gradle\native\8bec1ad78214c89d9ad589b4d07fe93259594b29d510b10fafb7a158f7737e5d\windows-amd64;C:\Users\Eddo Yulianda\.gradle\native\53dbd7edfb1c66fb8903c78663c9afc45aea4f116125fa6feffd364cf09443e8\windows-amd64

VM Arguments:
jvm_args: --add-opens=java.base/java.util=ALL-UNNAMED --add-opens=java.base/java.lang=ALL-UNNAMED --add-opens=java.base/java.lang.invoke=ALL-UNNAMED --add-opens=java.base/java.util=ALL-UNNAMED --add-opens=java.prefs/java.util.prefs=ALL-UNNAMED --add-opens=java.prefs/java.util.prefs=ALL-UNNAMED --add-opens=java.base/java.nio.charset=ALL-UNNAMED --add-opens=java.base/java.net=ALL-UNNAMED --add-opens=java.base/java.util.concurrent.atomic=ALL-UNNAMED -Xmx2048m -Dfile.encoding=UTF-8 -Duser.country=GB -Duser.language=en -Duser.variant 
java_command: org.gradle.launcher.daemon.bootstrap.GradleDaemon 7.0.2
java_class_path (initial): C:\Users\Eddo Yulianda\.gradle\wrapper\dists\gradle-7.0.2-bin\857tjihv64xamwrf0h14cai3r\gradle-7.0.2\lib\gradle-launcher-7.0.2.jar
Launcher Type: SUN_STANDARD

[Global flags]
     intx CICompilerCount                          = 3                                         {product} {ergonomic}
     uint ConcGCThreads                            = 1                                         {product} {ergonomic}
     uint G1ConcRefinementThreads                  = 4                                         {product} {ergonomic}
   size_t G1HeapRegionSize                         = 1048576                                   {product} {ergonomic}
    uintx GCDrainStackTargetSize                   = 64                                        {product} {ergonomic}
   size_t InitialHeapSize                          = 165675008                                 {product} {ergonomic}
   size_t MarkStackSize                            = 4194304                                   {product} {ergonomic}
   size_t MaxHeapSize                              = 2147483648                                {product} {command line}
   size_t MaxNewSize                               = 1287651328                                {product} {ergonomic}
   size_t MinHeapDeltaBytes                        = 1048576                                   {product} {ergonomic}
    uintx NonNMethodCodeHeapSize                   = 5830732                                {pd product} {ergonomic}
    uintx NonProfiledCodeHeapSize                  = 122913754                              {pd product} {ergonomic}
    uintx ProfiledCodeHeapSize                     = 122913754                              {pd product} {ergonomic}
    uintx ReservedCodeCacheSize                    = 251658240                              {pd product} {ergonomic}
     bool SegmentedCodeCache                       = true                                      {product} {ergonomic}
     bool UseCompressedClassPointers               = true                                 {lp64_product} {ergonomic}
     bool UseCompressedOops                        = true                                 {lp64_product} {ergonomic}
     bool UseG1GC                                  = true                                      {product} {ergonomic}
     bool UseLargePagesIndividualAllocation        = false                                  {pd product} {ergonomic}

Logging:
Log output configuration:
 #0: stdout all=warning uptime,level,tags
 #1: stderr all=off uptime,level,tags

Environment Variables:
PATH=C:\WINDOWS\system32;C:\WINDOWS;C:\WINDOWS\System32\Wbem;C:\WINDOWS\System32\WindowsPowerShell\v1.0\;C:\WINDOWS\System32\OpenSSH\;C:\Program Files (x86)\Intel\OpenCL SDK\2.0\bin\x86;C:\Program Files (x86)\Intel\OpenCL SDK\2.0\bin\x64;C:\Program Files\dotnet\;C:\ProgramData\ComposerSetup\bin;C:\xampp2\php;C:\Program Files\Microsoft SQL Server\130\Tools\Binn\;C:\Program Files\Microsoft SQL Server\Client SDK\ODBC\170\Tools\Binn\;C:\Program Files (x86)\dotnet\;C:\Program Files\Microsoft VS Code\bin;C:\Program Files\MySQL\MySQL Shell 8.0\bin\;C:\Users\Eddo Yulianda\AppData\Local\Microsoft\WindowsApps;C:\Users\Eddo Yulianda\.dotnet\tools;C:\Users\Eddo Yulianda\AppData\Roaming\Composer\vendor\bin;
USERNAME=Eddo Yulianda
OS=Windows_NT
PROCESSOR_IDENTIFIER=Intel64 Family 6 Model 42 Stepping 7, GenuineIntel



---------------  S Y S T E M  ---------------

OS: Windows 10 , 64 bit Build 19041 (10.0.19041.1348)
OS uptime: 0 days 1:57 hours

CPU:total 4 (initial active 4) (2 cores per cpu, 2 threads per core) family 6 model 42 stepping 7 microcode 0x2f, cmov, cx8, fxsr, mmx, sse, sse2, sse3, ssse3, sse4.1, sse4.2, popcnt, avx, aes, clmul, ht, tsc, tscinvbit

Memory: 4k page, system-wide physical 10086M (841M free)
TotalPageFile size 10086M (AvailPageFile size 6M)
current process WorkingSet (physical memory assigned to process): 764M, peak: 772M
current process commit charge ("private bytes"): 827M, peak: 834M

vm_info: OpenJDK 64-Bit Server VM (11.0.10+0-b96-7249189) for windows-amd64 JRE (11.0.10+0-b96-7249189), built on Mar 31 2021 21:44:00 by "builder" with MS VC++ 14.0 (VS2015)

END.
